2024-04-30T12:28:20.017339+0700 | INFO | Парсер запущен
2024-04-30T12:28:20.017468+0700 | INFO | Найден state-файл. Авторизация не требуется
2024-04-30T12:28:20.979701+0700 | INFO | Запущен первый браузер
2024-04-30T12:28:29.735595+0700 | INFO | Переходим на страницу аналитики
2024-04-30T12:28:39.932722+0700 | INFO | Открываем второй браузер
2024-04-30T12:28:44.754447+0700 | INFO | Выбор города по умолчанию
2024-04-30T12:28:49.882889+0700 | INFO | Открыта стартовая таблица с именем sample.xlsx
2024-04-30T12:28:49.883382+0700 | INFO | Данные извлечены из таблицы и переданы на следующий уровень
2024-04-30T12:28:49.883485+0700 | INFO | Начинаем переход по категориям
2024-04-30T12:29:10.266081+0700 | INFO | Поиск по категориях закончен
2024-04-30T12:29:14.897727+0700 | INFO | Заполнить поле ввода запросом: Пластиковые окна
2024-04-30T12:29:19.523313+0700 | INFO | Всего найдено городов: 93
2024-04-30T12:29:19.527138+0700 | INFO | Переходим к поиску по каждому из них
2024-04-30T12:29:19.527598+0700 | INFO | Начинаем поиск по городу Краснодарский край, Краснодар
2024-04-30T12:29:19.527823+0700 | INFO | Открываем модальное окно для выбора города
2024-04-30T12:29:32.187903+0700 | INFO | Заполняем поле ввода для города Краснодарский край, Краснодар
2024-04-30T12:29:34.742962+0700 | INFO | Начинаем поиск требуемого города в списке городов
2024-04-30T12:29:34.822854+0700 | INFO | Город найден - выбираем его
2024-04-30T12:29:38.948016+0700 | INFO | Клик по кнопке Показать для перехода к объявлениям
2024-04-30T12:29:46.350649+0700 | INFO | По городу Краснодарский край, Краснодар получены данные: (18352, 24)
2024-04-30T12:29:46.351010+0700 | INFO | Начинаем поиск по городу Краснодарский край, Сочи
2024-04-30T12:29:46.351156+0700 | INFO | Открываем модальное окно для выбора города
2024-04-30T12:29:56.551643+0700 | INFO | Заполняем поле ввода для города Краснодарский край, Сочи
2024-04-30T12:29:59.099341+0700 | INFO | Начинаем поиск требуемого города в списке городов
2024-04-30T12:29:59.213965+0700 | INFO | Город найден - выбираем его
2024-04-30T12:30:04.244597+0700 | INFO | Клик по кнопке Показать для перехода к объявлениям
2024-04-30T12:30:10.422435+0700 | INFO | По городу Краснодарский край, Сочи получены данные: (9806, 14)
2024-04-30T12:30:10.422880+0700 | INFO | Начинаем поиск по городу Краснодарский край, Ейск
2024-04-30T12:30:10.422952+0700 | INFO | Открываем модальное окно для выбора города
2024-04-30T12:30:21.416026+0700 | INFO | Заполняем поле ввода для города Краснодарский край, Ейск
2024-04-30T12:30:23.972335+0700 | INFO | Начинаем поиск требуемого города в списке городов
2024-04-30T12:30:24.054261+0700 | INFO | Город найден - выбираем его
2024-04-30T12:30:28.669325+0700 | INFO | Клик по кнопке Показать для перехода к объявлениям
2024-04-30T12:30:36.509133+0700 | INFO | По городу Краснодарский край, Ейск получены данные: (725, 3)
2024-04-30T12:30:36.509597+0700 | INFO | Начинаем поиск по городу Краснодарский край, Геленджик
2024-04-30T12:30:36.509748+0700 | INFO | Открываем модальное окно для выбора города
2024-04-30T12:30:47.665039+0700 | INFO | Заполняем поле ввода для города Краснодарский край, Геленджик
2024-04-30T12:30:50.223129+0700 | INFO | Начинаем поиск требуемого города в списке городов
2024-04-30T12:30:50.302625+0700 | INFO | Город найден - выбираем его
2024-04-30T12:30:54.077295+0700 | INFO | Клик по кнопке Показать для перехода к объявлениям
2024-04-30T12:31:02.632220+0700 | INFO | По городу Краснодарский край, Геленджик получены данные: (2127, 7)
2024-04-30T12:31:02.632657+0700 | INFO | Начинаем поиск по городу Краснодарский край, Кропоткин
2024-04-30T12:31:02.632798+0700 | INFO | Открываем модальное окно для выбора города
2024-04-30T12:31:13.150778+0700 | INFO | Заполняем поле ввода для города Краснодарский край, Кропоткин
2024-04-30T12:31:15.703901+0700 | INFO | Начинаем поиск требуемого города в списке городов
2024-04-30T12:31:15.776295+0700 | INFO | Город найден - выбираем его
2024-04-30T12:31:20.349936+0700 | INFO | Клик по кнопке Показать для перехода к объявлениям
2024-04-30T12:31:28.182922+0700 | INFO | По городу Краснодарский край, Кропоткин получены данные: (508, 2)
2024-04-30T12:31:28.183090+0700 | INFO | Начинаем поиск по городу Краснодарский край, Славянск-на-Кубани
2024-04-30T12:31:28.183148+0700 | INFO | Открываем модальное окно для выбора города
2024-04-30T12:31:36.161793+0700 | INFO | Заполняем поле ввода для города Краснодарский край, Славянск-на-Кубани
2024-04-30T12:31:38.722622+0700 | INFO | Начинаем поиск требуемого города в списке городов
2024-04-30T12:31:38.804473+0700 | INFO | Город найден - выбираем его
2024-04-30T12:31:44.164066+0700 | INFO | Клик по кнопке Показать для перехода к объявлениям
2024-04-30T12:31:52.616599+0700 | INFO | По городу Краснодарский край, Славянск-на-Кубани получены данные: (714, 2)
2024-04-30T12:31:52.617003+0700 | INFO | Начинаем поиск по городу Краснодарский край, Туапсе
2024-04-30T12:31:52.617114+0700 | INFO | Открываем модальное окно для выбора города
2024-04-30T12:32:03.994372+0700 | INFO | Заполняем поле ввода для города Краснодарский край, Туапсе
2024-04-30T12:32:06.583371+0700 | INFO | Начинаем поиск требуемого города в списке городов
2024-04-30T12:32:06.642315+0700 | INFO | Город найден - выбираем его
2024-04-30T12:32:11.611692+0700 | INFO | Клик по кнопке Показать для перехода к объявлениям
2024-04-30T12:32:19.051432+0700 | INFO | По городу Краснодарский край, Туапсе получены данные: (602, 0)
2024-04-30T12:32:19.052446+0700 | INFO | Начинаем поиск по городу Краснодарский край, Лабинск
2024-04-30T12:32:19.052602+0700 | INFO | Открываем модальное окно для выбора города
2024-04-30T12:32:30.946036+0700 | INFO | Заполняем поле ввода для города Краснодарский край, Лабинск
2024-04-30T12:32:33.505850+0700 | INFO | Начинаем поиск требуемого города в списке городов
2024-04-30T12:32:33.586739+0700 | INFO | Город найден - выбираем его
2024-04-30T12:32:38.398600+0700 | INFO | Клик по кнопке Показать для перехода к объявлениям
2024-04-30T12:32:46.573072+0700 | INFO | По городу Краснодарский край, Лабинск получены данные: (464, 3)
2024-04-30T12:32:46.573314+0700 | INFO | Начинаем поиск по городу Краснодарский край, Белореченск
2024-04-30T12:32:46.573379+0700 | INFO | Открываем модальное окно для выбора города
2024-04-30T12:32:56.992748+0700 | INFO | Заполняем поле ввода для города Краснодарский край, Белореченск
2024-04-30T12:32:59.550010+0700 | INFO | Начинаем поиск требуемого города в списке городов
2024-04-30T12:32:59.664205+0700 | INFO | Город найден - выбираем его
2024-04-30T12:33:05.222594+0700 | INFO | Клик по кнопке Показать для перехода к объявлениям
2024-04-30T12:33:12.795350+0700 | INFO | По городу Краснодарский край, Белореченск получены данные: (554, 3)
2024-04-30T12:33:12.796168+0700 | INFO | Начинаем поиск по городу Краснодарский край, Тихорецк
2024-04-30T12:33:12.796314+0700 | INFO | Открываем модальное окно для выбора города
2024-04-30T12:33:25.653281+0700 | INFO | Заполняем поле ввода для города Краснодарский край, Тихорецк
2024-04-30T12:33:28.208978+0700 | INFO | Начинаем поиск требуемого города в списке городов
2024-04-30T12:33:28.281366+0700 | INFO | Город найден - выбираем его
2024-04-30T12:33:32.676950+0700 | INFO | Клик по кнопке Показать для перехода к объявлениям
2024-04-30T12:33:40.740152+0700 | INFO | По городу Краснодарский край, Тихорецк получены данные: (849, 0)
2024-04-30T12:33:40.740726+0700 | INFO | Начинаем поиск по городу Краснодарский край, Крымск
2024-04-30T12:33:40.740808+0700 | INFO | Открываем модальное окно для выбора города
2024-04-30T12:33:52.877102+0700 | INFO | Заполняем поле ввода для города Краснодарский край, Крымск
2024-04-30T12:33:55.430642+0700 | INFO | Начинаем поиск требуемого города в списке городов
2024-04-30T12:33:55.493790+0700 | INFO | Город найден - выбираем его
2024-04-30T12:33:59.187446+0700 | INFO | Клик по кнопке Показать для перехода к объявлениям
2024-04-30T12:34:07.502597+0700 | INFO | По городу Краснодарский край, Крымск получены данные: (418, 2)
2024-04-30T12:34:07.503647+0700 | INFO | Начинаем поиск по городу Краснодарский край, Тимашевск
2024-04-30T12:34:07.503715+0700 | INFO | Открываем модальное окно для выбора города
2024-04-30T12:34:18.583213+0700 | INFO | Заполняем поле ввода для города Краснодарский край, Тимашевск
2024-04-30T12:34:21.149964+0700 | INFO | Начинаем поиск требуемого города в списке городов
2024-04-30T12:34:21.230744+0700 | INFO | Город найден - выбираем его
2024-04-30T12:34:25.734061+0700 | INFO | Клик по кнопке Показать для перехода к объявлениям
2024-04-30T12:34:32.850096+0700 | INFO | По городу Краснодарский край, Тимашевск получены данные: (286, 1)
2024-04-30T12:34:32.850646+0700 | INFO | Начинаем поиск по городу Краснодарский край, Каневская
2024-04-30T12:34:32.850704+0700 | INFO | Открываем модальное окно для выбора города
2024-04-30T12:34:43.314171+0700 | INFO | Заполняем поле ввода для города Краснодарский край, Каневская
2024-04-30T12:34:45.870612+0700 | INFO | Начинаем поиск требуемого города в списке городов
2024-04-30T12:34:45.942585+0700 | INFO | Город найден - выбираем его
2024-04-30T12:34:50.922197+0700 | INFO | Клик по кнопке Показать для перехода к объявлениям
2024-04-30T12:34:59.815461+0700 | INFO | По городу Краснодарский край, Каневская получены данные: (140, 1)
2024-04-30T12:34:59.816735+0700 | INFO | Начинаем поиск по городу Краснодарский край, Кореновск
2024-04-30T12:34:59.816827+0700 | INFO | Открываем модальное окно для выбора города
2024-04-30T12:35:11.301027+0700 | INFO | Заполняем поле ввода для города Краснодарский край, Кореновск
2024-04-30T12:35:13.866101+0700 | INFO | Начинаем поиск требуемого города в списке городов
2024-04-30T12:35:13.947959+0700 | INFO | Город найден - выбираем его
2024-04-30T12:35:18.415255+0700 | INFO | Клик по кнопке Показать для перехода к объявлениям
2024-04-30T12:35:25.725224+0700 | INFO | По городу Краснодарский край, Кореновск получены данные: (205, 1)
2024-04-30T12:35:25.726244+0700 | INFO | Начинаем поиск по городу Краснодарский край, Горячий Ключ
2024-04-30T12:35:25.726332+0700 | INFO | Открываем модальное окно для выбора города
2024-04-30T12:35:37.980420+0700 | INFO | Заполняем поле ввода для города Краснодарский край, Горячий Ключ
2024-04-30T12:35:40.538297+0700 | INFO | Начинаем поиск требуемого города в списке городов
2024-04-30T12:35:40.616784+0700 | INFO | Город найден - выбираем его
2024-04-30T12:35:45.855970+0700 | INFO | Клик по кнопке Показать для перехода к объявлениям
2024-04-30T12:35:54.622167+0700 | INFO | По городу Краснодарский край, Горячий Ключ получены данные: (851, 0)
2024-04-30T12:35:54.622359+0700 | INFO | Начинаем поиск по городу Краснодарский край, Усть-Лабинск
2024-04-30T12:35:54.622432+0700 | INFO | Открываем модальное окно для выбора города
2024-04-30T12:36:04.309877+0700 | INFO | Заполняем поле ввода для города Краснодарский край, Усть-Лабинск
2024-04-30T12:36:06.872441+0700 | INFO | Начинаем поиск требуемого города в списке городов
2024-04-30T12:36:06.951964+0700 | INFO | Город найден - выбираем его
2024-04-30T12:36:13.075611+0700 | INFO | Клик по кнопке Показать для перехода к объявлениям
2024-04-30T12:36:21.849485+0700 | INFO | По городу Краснодарский край, Усть-Лабинск получены данные: (828, 4)
2024-04-30T12:36:21.850556+0700 | INFO | Начинаем поиск по городу Краснодарский край, Абинск
2024-04-30T12:36:21.850662+0700 | INFO | Открываем модальное окно для выбора города
2024-04-30T12:36:32.960006+0700 | INFO | Заполняем поле ввода для города Краснодарский край, Абинск
2024-04-30T12:36:35.517268+0700 | INFO | Начинаем поиск требуемого города в списке городов
2024-04-30T12:36:35.587564+0700 | INFO | Город найден - выбираем его
2024-04-30T12:36:40.196834+0700 | INFO | Клик по кнопке Показать для перехода к объявлениям
2024-04-30T12:36:47.734564+0700 | INFO | По городу Краснодарский край, Абинск получены данные: (413, 1)
2024-04-30T12:36:47.734740+0700 | INFO | Начинаем поиск по городу Краснодарский край, Ленинградская
2024-04-30T12:36:47.734801+0700 | INFO | Открываем модальное окно для выбора города
2024-04-30T12:36:59.495536+0700 | INFO | Заполняем поле ввода для города Краснодарский край, Ленинградская
2024-04-30T12:37:02.053598+0700 | INFO | Начинаем поиск требуемого города в списке городов
2024-04-30T12:37:02.120238+0700 | INFO | Город найден - выбираем его
2024-04-30T12:37:05.680024+0700 | INFO | Клик по кнопке Показать для перехода к объявлениям
2024-04-30T12:37:14.628789+0700 | INFO | По городу Краснодарский край, Ленинградская получены данные: (47, 0)
2024-04-30T12:37:14.629374+0700 | INFO | Начинаем поиск по городу Краснодарский край, Динская
2024-04-30T12:37:14.629430+0700 | INFO | Открываем модальное окно для выбора города
2024-04-30T12:37:25.049717+0700 | INFO | Заполняем поле ввода для города Краснодарский край, Динская
2024-04-30T12:37:27.611967+0700 | INFO | Начинаем поиск требуемого города в списке городов
2024-04-30T12:37:27.692201+0700 | INFO | Город найден - выбираем его
2024-04-30T12:37:33.000077+0700 | INFO | Клик по кнопке Показать для перехода к объявлениям
2024-04-30T12:37:40.143656+0700 | INFO | По городу Краснодарский край, Динская получены данные: (257, 2)
2024-04-30T12:37:40.144216+0700 | INFO | Начинаем поиск по городу Краснодарский край, Гулькевичи
2024-04-30T12:37:40.144314+0700 | INFO | Открываем модальное окно для выбора города
2024-04-30T12:37:52.475631+0700 | INFO | Заполняем поле ввода для города Краснодарский край, Гулькевичи
2024-04-30T12:37:55.028314+0700 | INFO | Начинаем поиск требуемого города в списке городов
2024-04-30T12:37:55.095053+0700 | INFO | Город найден - выбираем его
2024-04-30T12:37:59.339749+0700 | INFO | Клик по кнопке Показать для перехода к объявлениям
2024-04-30T12:38:06.698550+0700 | INFO | По городу Краснодарский край, Гулькевичи получены данные: (346, 2)
2024-04-30T12:38:06.698712+0700 | INFO | Начинаем поиск по городу Краснодарский край, Павловская
2024-04-30T12:38:06.698764+0700 | INFO | Открываем модальное окно для выбора города
2024-04-30T12:38:17.772553+0700 | INFO | Заполняем поле ввода для города Краснодарский край, Павловская
2024-04-30T12:38:20.349174+0700 | INFO | Начинаем поиск требуемого города в списке городов
2024-04-30T12:38:20.469689+0700 | INFO | Город найден - выбираем его
2024-04-30T12:38:25.855056+0700 | INFO | Клик по кнопке Показать для перехода к объявлениям
2024-04-30T12:38:33.417586+0700 | INFO | По городу Краснодарский край, Павловская получены данные: (62, 0)
2024-04-30T12:38:33.418563+0700 | INFO | Начинаем поиск по городу Краснодарский край, Приморско-Ахтарск
2024-04-30T12:38:33.418639+0700 | INFO | Открываем модальное окно для выбора города
2024-04-30T12:38:45.975215+0700 | INFO | Заполняем поле ввода для города Краснодарский край, Приморско-Ахтарск
2024-04-30T12:38:48.535168+0700 | INFO | Начинаем поиск требуемого города в списке городов
2024-04-30T12:38:48.625189+0700 | INFO | Город найден - выбираем его
2024-04-30T12:38:52.695576+0700 | INFO | Клик по кнопке Показать для перехода к объявлениям
2024-04-30T12:39:00.097476+0700 | INFO | По городу Краснодарский край, Приморско-Ахтарск получены данные: (50, 0)
2024-04-30T12:39:00.097936+0700 | INFO | Начинаем поиск по городу Краснодарский край, Староминская
2024-04-30T12:39:00.098090+0700 | INFO | Открываем модальное окно для выбора города
2024-04-30T12:39:11.016526+0700 | INFO | Заполняем поле ввода для города Краснодарский край, Староминская
2024-04-30T12:39:13.584291+0700 | INFO | Начинаем поиск требуемого города в списке городов
2024-04-30T12:39:13.667567+0700 | INFO | Город найден - выбираем его
2024-04-30T12:39:19.175256+0700 | INFO | Клик по кнопке Показать для перехода к объявлениям
2024-04-30T12:39:27.078743+0700 | INFO | По городу Краснодарский край, Староминская получены данные: (40, 0)
2024-04-30T12:39:27.079761+0700 | INFO | Начинаем поиск по городу Краснодарский край, Кущевская
2024-04-30T12:39:27.079826+0700 | INFO | Открываем модальное окно для выбора города
2024-04-30T12:39:38.886465+0700 | INFO | Заполняем поле ввода для города Краснодарский край, Кущевская
2024-04-30T12:39:41.449516+0700 | INFO | Начинаем поиск требуемого города в списке городов
2024-04-30T12:39:41.547581+0700 | INFO | Город найден - выбираем его
2024-04-30T12:39:45.989274+0700 | INFO | Клик по кнопке Показать для перехода к объявлениям
2024-04-30T12:39:52.908310+0700 | INFO | По городу Краснодарский край, Кущевская получены данные: (49, 0)
2024-04-30T12:39:52.909657+0700 | INFO | Начинаем поиск по городу Краснодарский край, Полтавская
2024-04-30T12:39:52.909738+0700 | INFO | Открываем модальное окно для выбора города
2024-04-30T12:40:03.495158+0700 | INFO | Заполняем поле ввода для города Краснодарский край, Полтавская
2024-04-30T12:40:06.055474+0700 | INFO | Начинаем поиск требуемого города в списке городов
2024-04-30T12:40:06.122652+0700 | INFO | Город найден - выбираем его
2024-04-30T12:40:09.904953+0700 | INFO | Клик по кнопке Показать для перехода к объявлениям
2024-04-30T12:40:17.414086+0700 | INFO | По городу Краснодарский край, Полтавская получены данные: (22, 0)
2024-04-30T12:40:17.414545+0700 | INFO | Начинаем поиск по городу Краснодарский край, Мостовской
2024-04-30T12:40:17.414617+0700 | INFO | Открываем модальное окно для выбора города
2024-04-30T12:40:30.295185+0700 | INFO | Заполняем поле ввода для города Краснодарский край, Мостовской
2024-04-30T12:40:32.842355+0700 | INFO | Начинаем поиск требуемого города в списке городов
2024-04-30T12:40:32.916882+0700 | INFO | Город найден - выбираем его
2024-04-30T12:40:37.447862+0700 | INFO | Клик по кнопке Показать для перехода к объявлениям
2024-04-30T12:40:45.233735+0700 | INFO | По городу Краснодарский край, Мостовской получены данные: (282, 1)
2024-04-30T12:40:45.233908+0700 | INFO | Начинаем поиск по городу Краснодарский край, Тбилисская
2024-04-30T12:40:45.233964+0700 | INFO | Открываем модальное окно для выбора города
2024-04-30T12:40:55.697860+0700 | INFO | Заполняем поле ввода для города Краснодарский край, Тбилисская
2024-04-30T12:40:58.258348+0700 | INFO | Начинаем поиск требуемого города в списке городов
2024-04-30T12:40:58.322940+0700 | INFO | Город найден - выбираем его
2024-04-30T12:41:04.090103+0700 | INFO | Клик по кнопке Показать для перехода к объявлениям
2024-04-30T12:41:11.118606+0700 | INFO | По городу Краснодарский край, Тбилисская получены данные: (95, 0)
2024-04-30T12:41:11.119646+0700 | INFO | Начинаем поиск по городу Краснодарский край, Ильский
2024-04-30T12:41:11.119720+0700 | INFO | Открываем модальное окно для выбора города
2024-04-30T12:41:21.086413+0700 | INFO | Заполняем поле ввода для города Краснодарский край, Ильский
2024-04-30T12:41:23.652340+0700 | INFO | Начинаем поиск требуемого города в списке городов
2024-04-30T12:41:23.723028+0700 | INFO | Город найден - выбираем его
2024-04-30T12:41:29.465354+0700 | INFO | Клик по кнопке Показать для перехода к объявлениям
2024-04-30T12:41:36.332042+0700 | INFO | По городу Краснодарский край, Ильский получены данные: (68, 0)
2024-04-30T12:41:36.332361+0700 | INFO | Начинаем поиск по городу Краснодарский край, Северская
2024-04-30T12:41:36.332445+0700 | INFO | Открываем модальное окно для выбора города
2024-04-30T12:41:43.503655+0700 | INFO | Заполняем поле ввода для города Краснодарский край, Северская
2024-04-30T12:41:46.054099+0700 | INFO | Начинаем поиск требуемого города в списке городов
2024-04-30T12:41:46.123170+0700 | INFO | Город найден - выбираем его
2024-04-30T12:41:51.253562+0700 | INFO | Клик по кнопке Показать для перехода к объявлениям
2024-04-30T12:41:59.387018+0700 | INFO | По городу Краснодарский край, Северская получены данные: (324, 0)
2024-04-30T12:41:59.387190+0700 | INFO | Начинаем поиск по городу Краснодарский край, Елизаветинская
2024-04-30T12:41:59.387243+0700 | INFO | Открываем модальное окно для выбора города
2024-04-30T12:42:10.665955+0700 | INFO | Заполняем поле ввода для города Краснодарский край, Елизаветинская
2024-04-30T12:42:13.211277+0700 | INFO | Начинаем поиск требуемого города в списке городов
2024-04-30T12:42:13.283134+0700 | INFO | Город найден - выбираем его
2024-04-30T12:42:18.815391+0700 | INFO | Клик по кнопке Показать для перехода к объявлениям
2024-04-30T12:42:26.559165+0700 | INFO | По городу Краснодарский край, Елизаветинская получены данные: (81, 0)
2024-04-30T12:42:26.560198+0700 | INFO | Начинаем поиск по городу Краснодарский край, Новотитаровская
2024-04-30T12:42:26.560298+0700 | INFO | Открываем модальное окно для выбора города
2024-04-30T12:42:38.768045+0700 | INFO | Заполняем поле ввода для города Краснодарский край, Новотитаровская
2024-04-30T12:42:41.332478+0700 | INFO | Начинаем поиск требуемого города в списке городов
2024-04-30T12:42:41.402533+0700 | INFO | Город найден - выбираем его
2024-04-30T12:42:47.756878+0700 | INFO | Клик по кнопке Показать для перехода к объявлениям
2024-04-30T12:42:56.608286+0700 | INFO | По городу Краснодарский край, Новотитаровская получены данные: (242, 0)
2024-04-30T12:42:56.609401+0700 | INFO | Начинаем поиск по городу Краснодарский край, Афипский
2024-04-30T12:42:56.609465+0700 | INFO | Открываем модальное окно для выбора города
2024-04-30T12:43:08.213258+0700 | INFO | Заполняем поле ввода для города Краснодарский край, Афипский
2024-04-30T12:43:10.770088+0700 | INFO | Начинаем поиск требуемого города в списке городов
2024-04-30T12:43:10.844150+0700 | INFO | Город найден - выбираем его
2024-04-30T12:43:15.048082+0700 | INFO | Клик по кнопке Показать для перехода к объявлениям
2024-04-30T12:43:22.758879+0700 | INFO | По городу Краснодарский край, Афипский получены данные: (63, 0)
2024-04-30T12:43:22.759965+0700 | INFO | Начинаем поиск по городу Краснодарский край, Брюховецкая
2024-04-30T12:43:22.760031+0700 | INFO | Открываем модальное окно для выбора города
2024-04-30T12:43:33.590048+0700 | INFO | Заполняем поле ввода для города Краснодарский край, Брюховецкая
2024-04-30T12:43:36.150639+0700 | INFO | Начинаем поиск требуемого города в списке городов
2024-04-30T12:43:36.230545+0700 | INFO | Город найден - выбираем его
2024-04-30T12:43:41.183686+0700 | INFO | Клик по кнопке Показать для перехода к объявлениям
2024-04-30T12:43:47.774826+0700 | INFO | По городу Краснодарский край, Брюховецкая получены данные: (49, 0)
2024-04-30T12:43:47.776084+0700 | INFO | Начинаем поиск по городу Краснодарский край, Ахтырский
2024-04-30T12:43:47.776235+0700 | INFO | Открываем модальное окно для выбора города
2024-04-30T12:43:58.897850+0700 | INFO | Заполняем поле ввода для города Краснодарский край, Ахтырский
2024-04-30T12:44:01.462289+0700 | INFO | Начинаем поиск требуемого города в списке городов
2024-04-30T12:44:01.543605+0700 | INFO | Город найден - выбираем его
2024-04-30T12:44:05.359664+0700 | INFO | Клик по кнопке Показать для перехода к объявлениям
2024-04-30T12:44:14.613786+0700 | INFO | По городу Краснодарский край, Ахтырский получены данные: (16, 0)
2024-04-30T12:44:14.614803+0700 | INFO | Начинаем поиск по городу Краснодарский край, Новопокровская
2024-04-30T12:44:14.614881+0700 | INFO | Открываем модальное окно для выбора города
2024-04-30T12:44:28.745932+0700 | INFO | Заполняем поле ввода для города Краснодарский край, Новопокровская
2024-04-30T12:44:31.308134+0700 | INFO | Начинаем поиск требуемого города в списке городов
2024-04-30T12:44:31.383524+0700 | INFO | Город найден - выбираем его
2024-04-30T12:44:36.515578+0700 | INFO | Клик по кнопке Показать для перехода к объявлениям
2024-04-30T12:44:43.565323+0700 | INFO | По городу Краснодарский край, Новопокровская получены данные: (36, 1)
2024-04-30T12:44:43.565699+0700 | INFO | Начинаем поиск по городу Краснодарский край, Выселки
2024-04-30T12:44:43.565863+0700 | INFO | Открываем модальное окно для выбора города
2024-04-30T12:44:57.124167+0700 | INFO | Заполняем поле ввода для города Краснодарский край, Выселки
2024-04-30T12:44:59.679875+0700 | INFO | Начинаем поиск требуемого города в списке городов
2024-04-30T12:44:59.758387+0700 | INFO | Город найден - выбираем его
2024-04-30T12:45:04.114005+0700 | INFO | Клик по кнопке Показать для перехода к объявлениям
2024-04-30T12:45:11.561314+0700 | INFO | По городу Краснодарский край, Выселки получены данные: (146, 0)
2024-04-30T12:45:11.561490+0700 | INFO | Начинаем поиск по городу Краснодарский край, Старощербиновская
2024-04-30T12:45:11.561551+0700 | INFO | Открываем модальное окно для выбора города
2024-04-30T12:45:21.142270+0700 | INFO | Заполняем поле ввода для города Краснодарский край, Старощербиновская
2024-04-30T12:45:23.715319+0700 | INFO | Начинаем поиск требуемого города в списке городов
2024-04-30T12:45:23.793173+0700 | INFO | Город найден - выбираем его
2024-04-30T12:45:27.735746+0700 | INFO | Клик по кнопке Показать для перехода к объявлениям
2024-04-30T12:45:35.479532+0700 | INFO | По городу Краснодарский край, Старощербиновская получены данные: (19, 0)
2024-04-30T12:45:35.480516+0700 | INFO | Начинаем поиск по городу Краснодарский край, Холмская
2024-04-30T12:45:35.480586+0700 | INFO | Открываем модальное окно для выбора города
2024-04-30T12:45:43.437874+0700 | INFO | Заполняем поле ввода для города Краснодарский край, Холмская
2024-04-30T12:45:45.994408+0700 | INFO | Начинаем поиск требуемого города в списке городов
2024-04-30T12:45:46.070546+0700 | INFO | Город найден - выбираем его
2024-04-30T12:45:49.842541+0700 | INFO | Клик по кнопке Показать для перехода к объявлениям
2024-04-30T12:45:56.803651+0700 | INFO | По городу Краснодарский край, Холмская получены данные: (48, 0)
2024-04-30T12:45:56.803954+0700 | INFO | Начинаем поиск по городу Краснодарский край, Белая Глина
2024-04-30T12:45:56.804026+0700 | INFO | Открываем модальное окно для выбора города
2024-04-30T12:46:10.266420+0700 | INFO | Заполняем поле ввода для города Краснодарский край, Белая Глина
2024-04-30T12:46:12.811561+0700 | INFO | Начинаем поиск требуемого города в списке городов
2024-04-30T12:46:12.920816+0700 | INFO | Город найден - выбираем его
2024-04-30T12:46:17.988271+0700 | INFO | Клик по кнопке Показать для перехода к объявлениям
2024-04-30T12:46:25.541839+0700 | INFO | По городу Краснодарский край, Белая Глина получены данные: (20, 0)
2024-04-30T12:46:25.542874+0700 | INFO | Начинаем поиск по городу Краснодарский край, Медведовская
2024-04-30T12:46:25.543046+0700 | INFO | Открываем модальное окно для выбора города
2024-04-30T12:46:38.079853+0700 | INFO | Заполняем поле ввода для города Краснодарский край, Медведовская
2024-04-30T12:46:40.643892+0700 | INFO | Начинаем поиск требуемого города в списке городов
2024-04-30T12:46:40.725672+0700 | INFO | Город найден - выбираем его
2024-04-30T12:46:44.864918+0700 | INFO | Клик по кнопке Показать для перехода к объявлениям
2024-04-30T12:46:53.887925+0700 | INFO | По городу Краснодарский край, Медведовская получены данные: (32, 0)
2024-04-30T12:46:53.888102+0700 | INFO | Начинаем поиск по городу Краснодарский край, Ладожская
2024-04-30T12:46:53.888165+0700 | INFO | Открываем модальное окно для выбора города
2024-04-30T12:47:02.898697+0700 | INFO | Заполняем поле ввода для города Краснодарский край, Ладожская
2024-04-30T12:47:05.444032+0700 | INFO | Начинаем поиск требуемого города в списке городов
2024-04-30T12:47:05.519609+0700 | INFO | Город найден - выбираем его
2024-04-30T12:47:10.911558+0700 | INFO | Клик по кнопке Показать для перехода к объявлениям
2024-04-30T12:47:18.726027+0700 | INFO | По городу Краснодарский край, Ладожская получены данные: (101, 0)
2024-04-30T12:47:18.727112+0700 | INFO | Начинаем поиск по городу Краснодарский край, Крыловская
2024-04-30T12:47:18.727270+0700 | INFO | Открываем модальное окно для выбора города
2024-04-30T12:47:31.897422+0700 | INFO | Заполняем поле ввода для города Краснодарский край, Крыловская
2024-04-30T12:47:34.456560+0700 | INFO | Начинаем поиск требуемого города в списке городов
2024-04-30T12:47:34.533651+0700 | INFO | Город найден - выбираем его
2024-04-30T12:47:40.380687+0700 | INFO | Клик по кнопке Показать для перехода к объявлениям
2024-04-30T12:47:47.379527+0700 | INFO | По городу Краснодарский край, Крыловская получены данные: (12, 0)
2024-04-30T12:47:47.380577+0700 | INFO | Начинаем поиск по городу Краснодарский край, Старовеличковская
2024-04-30T12:47:47.380826+0700 | INFO | Открываем модальное окно для выбора города
2024-04-30T12:47:57.448829+0700 | INFO | Заполняем поле ввода для города Краснодарский край, Старовеличковская
2024-04-30T12:48:00.013509+0700 | INFO | Начинаем поиск требуемого города в списке городов
2024-04-30T12:48:00.084571+0700 | INFO | Город найден - выбираем его
2024-04-30T12:48:05.204472+0700 | INFO | Клик по кнопке Показать для перехода к объявлениям
2024-04-30T12:48:12.012083+0700 | INFO | По городу Краснодарский край, Старовеличковская получены данные: (31, 0)
2024-04-30T12:48:12.012707+0700 | INFO | Начинаем поиск по городу Краснодарский край, Калининская
2024-04-30T12:48:12.012770+0700 | INFO | Открываем модальное окно для выбора города
2024-04-30T12:48:24.079436+0700 | INFO | Заполняем поле ввода для города Краснодарский край, Калининская
2024-04-30T12:48:26.645916+0700 | INFO | Начинаем поиск требуемого города в списке городов
2024-04-30T12:48:26.713837+0700 | INFO | Город найден - выбираем его
2024-04-30T12:48:32.229212+0700 | INFO | Клик по кнопке Показать для перехода к объявлениям
2024-04-30T12:48:38.603925+0700 | INFO | По городу Краснодарский край, Калининская получены данные: (121, 1)
2024-04-30T12:48:38.604161+0700 | INFO | Начинаем поиск по городу Краснодарский край, Васюринская
2024-04-30T12:48:38.604237+0700 | INFO | Открываем модальное окно для выбора города
2024-04-30T12:48:50.077934+0700 | INFO | Заполняем поле ввода для города Краснодарский край, Васюринская
2024-04-30T12:48:52.635754+0700 | INFO | Начинаем поиск требуемого города в списке городов
2024-04-30T12:48:52.710319+0700 | INFO | Город найден - выбираем его
2024-04-30T12:48:57.795470+0700 | INFO | Клик по кнопке Показать для перехода к объявлениям
2024-04-30T12:49:04.656935+0700 | INFO | По городу Краснодарский край, Васюринская получены данные: (44, 0)
2024-04-30T12:49:04.657619+0700 | INFO | Начинаем поиск по городу Краснодарский край, Стародеревянковская
2024-04-30T12:49:04.657714+0700 | INFO | Открываем модальное окно для выбора города
2024-04-30T12:49:14.847981+0700 | INFO | Заполняем поле ввода для города Краснодарский край, Стародеревянковская
2024-04-30T12:49:17.405019+0700 | INFO | Начинаем поиск требуемого города в списке городов
2024-04-30T12:49:17.470912+0700 | INFO | Город найден - выбираем его
2024-04-30T12:49:22.036297+0700 | INFO | Клик по кнопке Показать для перехода к объявлениям
2024-04-30T12:49:30.351250+0700 | INFO | По городу Краснодарский край, Стародеревянковская получены данные: (9, 0)
2024-04-30T12:49:30.352699+0700 | INFO | Начинаем поиск по городу Краснодарский край, Старокорсунская
2024-04-30T12:49:30.352781+0700 | INFO | Открываем модальное окно для выбора города
2024-04-30T12:49:41.532191+0700 | INFO | Заполняем поле ввода для города Краснодарский край, Старокорсунская
2024-04-30T12:49:44.089678+0700 | INFO | Начинаем поиск требуемого города в списке городов
2024-04-30T12:49:44.112013+0700 | WARNING | Город НЕ был найден - он будет исключен из дальнейшего поиска!
2024-04-30T12:49:44.112212+0700 | INFO | По городу Краснодарский край, Старокорсунская получены данные: ['Город отсутствует в поиске', 'Город отсутствует в поиске']
2024-04-30T12:49:44.112284+0700 | INFO | Начинаем поиск по городу Краснодарский край, Новоминская
2024-04-30T12:49:44.119328+0700 | INFO | Заполняем поле ввода для города Краснодарский край, Новоминская
2024-04-30T12:49:46.644227+0700 | INFO | Начинаем поиск требуемого города в списке городов
2024-04-30T12:49:46.719923+0700 | INFO | Город найден - выбираем его
2024-04-30T12:49:51.433085+0700 | INFO | Клик по кнопке Показать для перехода к объявлениям
2024-04-30T12:49:59.809817+0700 | INFO | По городу Краснодарский край, Новоминская получены данные: (10, 0)
2024-04-30T12:49:59.809989+0700 | INFO | Начинаем поиск по городу Краснодарский край, Кавказская
2024-04-30T12:49:59.810050+0700 | INFO | Открываем модальное окно для выбора города
2024-04-30T12:50:11.217455+0700 | INFO | Заполняем поле ввода для города Краснодарский край, Кавказская
2024-04-30T12:50:13.765776+0700 | INFO | Начинаем поиск требуемого города в списке городов
2024-04-30T12:50:13.847977+0700 | INFO | Город найден - выбираем его
2024-04-30T12:50:19.266130+0700 | INFO | Клик по кнопке Показать для перехода к объявлениям
2024-04-30T12:50:26.536178+0700 | INFO | По городу Краснодарский край, Кавказская получены данные: (97, 1)
2024-04-30T12:50:26.537257+0700 | INFO | Начинаем поиск по городу Краснодарский край, Псебай
2024-04-30T12:50:26.537331+0700 | INFO | Открываем модальное окно для выбора города
2024-04-30T12:50:37.052817+0700 | INFO | Заполняем поле ввода для города Краснодарский край, Псебай
2024-04-30T12:50:39.617950+0700 | INFO | Начинаем поиск требуемого города в списке городов
2024-04-30T12:50:39.698643+0700 | INFO | Город найден - выбираем его
2024-04-30T12:50:44.891147+0700 | INFO | Клик по кнопке Показать для перехода к объявлениям
2024-04-30T12:50:51.881258+0700 | INFO | По городу Краснодарский край, Псебай получены данные: (16, 0)
2024-04-30T12:50:51.882506+0700 | INFO | Начинаем поиск по городу Краснодарский край, Марьянская
2024-04-30T12:50:51.882591+0700 | INFO | Открываем модальное окно для выбора города
2024-04-30T12:51:03.991669+0700 | INFO | Заполняем поле ввода для города Краснодарский край, Марьянская
2024-04-30T12:51:06.552804+0700 | INFO | Начинаем поиск требуемого города в списке городов
2024-04-30T12:51:06.624717+0700 | INFO | Город найден - выбираем его
2024-04-30T12:51:11.395980+0700 | INFO | Клик по кнопке Показать для перехода к объявлениям
2024-04-30T12:51:17.856523+0700 | INFO | По городу Краснодарский край, Марьянская получены данные: (87, 0)
2024-04-30T12:51:17.857652+0700 | INFO | Начинаем поиск по городу Краснодарский край, Старомышастовская
2024-04-30T12:51:17.857713+0700 | INFO | Открываем модальное окно для выбора города
2024-04-30T12:51:28.012987+0700 | INFO | Заполняем поле ввода для города Краснодарский край, Старомышастовская
2024-04-30T12:51:30.576840+0700 | INFO | Начинаем поиск требуемого города в списке городов
2024-04-30T12:51:30.655684+0700 | INFO | Город найден - выбираем его
2024-04-30T12:51:36.951726+0700 | INFO | Клик по кнопке Показать для перехода к объявлениям
2024-04-30T12:51:45.436972+0700 | INFO | По городу Краснодарский край, Старомышастовская получены данные: (5, 0)
2024-04-30T12:51:45.437376+0700 | INFO | Начинаем поиск по городу Краснодарский край, Анастасиевская
2024-04-30T12:51:45.437434+0700 | INFO | Открываем модальное окно для выбора города
2024-04-30T12:51:53.038466+0700 | INFO | Заполняем поле ввода для города Краснодарский край, Анастасиевская
2024-04-30T12:51:55.589723+0700 | INFO | Начинаем поиск требуемого города в списке городов
2024-04-30T12:51:55.661485+0700 | INFO | Город найден - выбираем его
2024-04-30T12:52:00.117993+0700 | INFO | Клик по кнопке Показать для перехода к объявлениям
2024-04-30T12:52:08.439750+0700 | INFO | По городу Краснодарский край, Анастасиевская получены данные: (15, 0)
2024-04-30T12:52:08.440876+0700 | INFO | Начинаем поиск по городу Краснодарский край, Пластуновская
2024-04-30T12:52:08.440942+0700 | INFO | Открываем модальное окно для выбора города
2024-04-30T12:52:21.492820+0700 | INFO | Заполняем поле ввода для города Краснодарский край, Пластуновская
2024-04-30T12:52:24.052285+0700 | INFO | Начинаем поиск требуемого города в списке городов
2024-04-30T12:52:24.117294+0700 | INFO | Город найден - выбираем его
2024-04-30T12:52:29.541152+0700 | INFO | Клик по кнопке Показать для перехода к объявлениям
2024-04-30T12:52:36.980466+0700 | INFO | По городу Краснодарский край, Пластуновская получены данные: (38, 0)
2024-04-30T12:52:36.981026+0700 | INFO | Начинаем поиск по городу Краснодарский край, Старонижестеблиевская
2024-04-30T12:52:36.981112+0700 | INFO | Открываем модальное окно для выбора города
2024-04-30T12:52:50.553134+0700 | INFO | Заполняем поле ввода для города Краснодарский край, Старонижестеблиевская
2024-04-30T12:52:53.122176+0700 | INFO | Начинаем поиск требуемого города в списке городов
2024-04-30T12:52:53.193944+0700 | INFO | Город найден - выбираем его
2024-04-30T12:52:58.102770+0700 | INFO | Клик по кнопке Показать для перехода к объявлениям
2024-04-30T12:53:06.911540+0700 | INFO | По городу Краснодарский край, Старонижестеблиевская получены данные: (5, 0)
2024-04-30T12:53:06.912149+0700 | INFO | Начинаем поиск по городу Краснодарский край, Новомихайловский
2024-04-30T12:53:06.912237+0700 | INFO | Открываем модальное окно для выбора города
2024-04-30T12:53:19.182245+0700 | INFO | Заполняем поле ввода для города Краснодарский край, Новомихайловский
2024-04-30T12:53:21.741616+0700 | INFO | Начинаем поиск требуемого города в списке городов
2024-04-30T12:53:21.855081+0700 | INFO | Город найден - выбираем его
2024-04-30T12:53:26.268021+0700 | INFO | Клик по кнопке Показать для перехода к объявлениям
2024-04-30T12:53:34.517738+0700 | INFO | По городу Краснодарский край, Новомихайловский получены данные: (17, 1)
2024-04-30T12:53:34.518362+0700 | INFO | Начинаем поиск по городу Краснодарский край, Новомышастовская
2024-04-30T12:53:34.518447+0700 | INFO | Открываем модальное окно для выбора города
2024-04-30T12:53:48.026863+0700 | INFO | Заполняем поле ввода для города Краснодарский край, Новомышастовская
2024-04-30T12:53:50.592008+0700 | INFO | Начинаем поиск требуемого города в списке городов
2024-04-30T12:53:50.665975+0700 | INFO | Город найден - выбираем его
2024-04-30T12:53:55.104536+0700 | INFO | Клик по кнопке Показать для перехода к объявлениям
2024-04-30T12:54:01.857073+0700 | INFO | По городу Краснодарский край, Новомышастовская получены данные: (41, 0)
2024-04-30T12:54:01.857483+0700 | INFO | Начинаем поиск по городу Краснодарский край, Трудобеликовский
2024-04-30T12:54:01.857560+0700 | INFO | Открываем модальное окно для выбора города
2024-04-30T12:54:14.214997+0700 | INFO | Заполняем поле ввода для города Краснодарский край, Трудобеликовский
2024-04-30T12:54:16.812462+0700 | INFO | Начинаем поиск требуемого города в списке городов
2024-04-30T12:54:16.924999+0700 | INFO | Город найден - выбираем его
2024-04-30T12:54:22.233470+0700 | INFO | Клик по кнопке Показать для перехода к объявлениям
2024-04-30T12:54:29.631743+0700 | INFO | По городу Краснодарский край, Трудобеликовский получены данные: (3, 0)
2024-04-30T12:54:29.632146+0700 | INFO | Начинаем поиск по городу Краснодарский край, Нововеличковская
2024-04-30T12:54:29.632230+0700 | INFO | Открываем модальное окно для выбора города
2024-04-30T12:54:39.351843+0700 | INFO | Заполняем поле ввода для города Краснодарский край, Нововеличковская
2024-04-30T12:54:41.903852+0700 | INFO | Начинаем поиск требуемого города в списке городов
2024-04-30T12:54:42.021622+0700 | INFO | Город найден - выбираем его
2024-04-30T12:54:47.026984+0700 | INFO | Клик по кнопке Показать для перехода к объявлениям
2024-04-30T12:54:55.674438+0700 | INFO | По городу Краснодарский край, Нововеличковская получены данные: (23, 0)
2024-04-30T12:54:55.675523+0700 | INFO | Начинаем поиск по городу Краснодарский край, Архангельская
2024-04-30T12:54:55.675604+0700 | INFO | Открываем модальное окно для выбора города
2024-04-30T12:55:07.707319+0700 | INFO | Заполняем поле ввода для города Краснодарский край, Архангельская
2024-04-30T12:55:10.270771+0700 | INFO | Начинаем поиск требуемого города в списке городов
2024-04-30T12:55:10.371949+0700 | INFO | Город найден - выбираем его
2024-04-30T12:55:15.257580+0700 | INFO | Клик по кнопке Показать для перехода к объявлениям
2024-04-30T12:55:21.884287+0700 | INFO | По городу Краснодарский край, Архангельская получены данные: (63, 0)
2024-04-30T12:55:21.884823+0700 | INFO | Начинаем поиск по городу Краснодарский край, Черноморский
2024-04-30T12:55:21.884951+0700 | INFO | Открываем модальное окно для выбора города
2024-04-30T12:55:33.544261+0700 | INFO | Заполняем поле ввода для города Краснодарский край, Черноморский
2024-04-30T12:55:36.167397+0700 | INFO | Начинаем поиск требуемого города в списке городов
2024-04-30T12:55:36.238608+0700 | INFO | Город найден - выбираем его
2024-04-30T12:55:40.842550+0700 | INFO | Клик по кнопке Показать для перехода к объявлениям
2024-04-30T12:55:47.221816+0700 | INFO | По городу Краснодарский край, Черноморский получены данные: (4, 0)
2024-04-30T12:55:47.223396+0700 | INFO | Начинаем поиск по городу Краснодарский край, Фастовецкая
2024-04-30T12:55:47.223470+0700 | INFO | Открываем модальное окно для выбора города
2024-04-30T12:55:58.732973+0700 | INFO | Заполняем поле ввода для города Краснодарский край, Фастовецкая
2024-04-30T12:56:01.285505+0700 | INFO | Начинаем поиск требуемого города в списке городов
2024-04-30T12:56:01.359142+0700 | INFO | Город найден - выбираем его
2024-04-30T12:56:06.201814+0700 | INFO | Клик по кнопке Показать для перехода к объявлениям
2024-04-30T12:56:14.191460+0700 | INFO | По городу Краснодарский край, Фастовецкая получены данные: (3, 0)
2024-04-30T12:56:14.191638+0700 | INFO | Начинаем поиск по городу Краснодарский край, Воронежская
2024-04-30T12:56:14.191693+0700 | INFO | Открываем модальное окно для выбора города
2024-04-30T12:56:26.197280+0700 | INFO | Заполняем поле ввода для города Краснодарский край, Воронежская
2024-04-30T12:56:28.764291+0700 | INFO | Начинаем поиск требуемого города в списке городов
2024-04-30T12:56:28.834944+0700 | INFO | Город найден - выбираем его
2024-04-30T12:56:32.650896+0700 | INFO | Клик по кнопке Показать для перехода к объявлениям
2024-04-30T12:56:40.675825+0700 | INFO | По городу Краснодарский край, Воронежская получены данные: (9, 0)
2024-04-30T12:56:40.676380+0700 | INFO | Начинаем поиск по городу Краснодарский край, Переясловская
2024-04-30T12:56:40.676460+0700 | INFO | Открываем модальное окно для выбора города
2024-04-30T12:56:50.493694+0700 | INFO | Заполняем поле ввода для города Краснодарский край, Переясловская
2024-04-30T12:56:53.048132+0700 | INFO | Начинаем поиск требуемого города в списке городов
2024-04-30T12:56:53.126682+0700 | INFO | Город найден - выбираем его
2024-04-30T12:56:58.523695+0700 | INFO | Клик по кнопке Показать для перехода к объявлениям
2024-04-30T12:57:07.271055+0700 | INFO | По городу Краснодарский край, Переясловская получены данные: (4, 0)
2024-04-30T12:57:07.272567+0700 | INFO | Начинаем поиск по городу Краснодарский край, Роговская
2024-04-30T12:57:07.272687+0700 | INFO | Открываем модальное окно для выбора города
2024-04-30T12:57:18.573181+0700 | INFO | Заполняем поле ввода для города Краснодарский край, Роговская
2024-04-30T12:57:21.134158+0700 | INFO | Начинаем поиск требуемого города в списке городов
2024-04-30T12:57:21.207373+0700 | INFO | Город найден - выбираем его
2024-04-30T12:57:26.227249+0700 | INFO | Клик по кнопке Показать для перехода к объявлениям
2024-04-30T12:57:33.304234+0700 | INFO | По городу Краснодарский край, Роговская получены данные: (6, 0)
2024-04-30T12:57:33.304839+0700 | INFO | Начинаем поиск по городу Краснодарский край, Архипо-Осиповка
2024-04-30T12:57:33.304917+0700 | INFO | Открываем модальное окно для выбора города
2024-04-30T12:57:42.586656+0700 | INFO | Заполняем поле ввода для города Краснодарский край, Архипо-Осиповка
2024-04-30T12:57:45.138932+0700 | INFO | Начинаем поиск требуемого города в списке городов
2024-04-30T12:57:45.201485+0700 | INFO | Город найден - выбираем его
2024-04-30T12:57:49.903484+0700 | INFO | Клик по кнопке Показать для перехода к объявлениям
2024-04-30T12:57:58.714775+0700 | INFO | По городу Краснодарский край, Архипо-Осиповка получены данные: (38, 0)
2024-04-30T12:57:58.716071+0700 | INFO | Начинаем поиск по городу Краснодарский край, Смоленская
2024-04-30T12:57:58.716127+0700 | INFO | Открываем модальное окно для выбора города
2024-04-30T12:58:07.672996+0700 | INFO | Заполняем поле ввода для города Краснодарский край, Смоленская
2024-04-30T12:58:10.233191+0700 | INFO | Начинаем поиск требуемого города в списке городов
2024-04-30T12:58:10.358407+0700 | INFO | Город найден - выбираем его
2024-04-30T12:58:14.251483+0700 | INFO | Клик по кнопке Показать для перехода к объявлениям
2024-04-30T12:58:21.978158+0700 | INFO | По городу Краснодарский край, Смоленская получены данные: (4, 0)
2024-04-30T12:58:21.979554+0700 | INFO | Начинаем поиск по городу Краснодарский край, Кабардинка
2024-04-30T12:58:21.979616+0700 | INFO | Открываем модальное окно для выбора города
2024-04-30T12:58:32.502234+0700 | INFO | Заполняем поле ввода для города Краснодарский край, Кабардинка
2024-04-30T12:58:35.058977+0700 | INFO | Начинаем поиск требуемого города в списке городов
2024-04-30T12:58:35.129083+0700 | INFO | Город найден - выбираем его
2024-04-30T12:58:39.674894+0700 | INFO | Клик по кнопке Показать для перехода к объявлениям
2024-04-30T12:58:46.048387+0700 | INFO | По городу Краснодарский край, Кабардинка получены данные: (147, 0)
2024-04-30T12:58:46.049977+0700 | INFO | Начинаем поиск по городу Краснодарский край, Темиргоевская
2024-04-30T12:58:46.050065+0700 | INFO | Открываем модальное окно для выбора города
2024-04-30T12:58:56.768850+0700 | INFO | Заполняем поле ввода для города Краснодарский край, Темиргоевская
2024-04-30T12:58:59.327368+0700 | INFO | Начинаем поиск требуемого города в списке городов
2024-04-30T12:58:59.441148+0700 | INFO | Город найден - выбираем его
2024-04-30T12:59:03.479622+0700 | INFO | Клик по кнопке Показать для перехода к объявлениям
2024-04-30T12:59:12.050838+0700 | INFO | По городу Краснодарский край, Темиргоевская получены данные: (6, 0)
2024-04-30T12:59:12.051997+0700 | INFO | Начинаем поиск по городу Краснодарский край, Ленина
2024-04-30T12:59:12.052057+0700 | INFO | Открываем модальное окно для выбора города
2024-04-30T12:59:22.505788+0700 | INFO | Заполняем поле ввода для города Краснодарский край, Ленина
2024-04-30T12:59:25.072866+0700 | INFO | Начинаем поиск требуемого города в списке городов
2024-04-30T12:59:25.149142+0700 | INFO | Город найден - выбираем его
2024-04-30T12:59:29.058365+0700 | INFO | Клик по кнопке Показать для перехода к объявлениям
2024-04-30T12:59:36.893814+0700 | INFO | По городу Краснодарский край, Ленина получены данные: (51, 1)
2024-04-30T12:59:36.894884+0700 | INFO | Начинаем поиск по городу Краснодарский край, Джубга
2024-04-30T12:59:36.894942+0700 | INFO | Открываем модальное окно для выбора города
2024-04-30T12:59:47.612883+0700 | INFO | Заполняем поле ввода для города Краснодарский край, Джубга
2024-04-30T12:59:50.173291+0700 | INFO | Начинаем поиск требуемого города в списке городов
2024-04-30T12:59:50.247039+0700 | INFO | Город найден - выбираем его
2024-04-30T12:59:55.832231+0700 | INFO | Клик по кнопке Показать для перехода к объявлениям
2024-04-30T13:00:03.714874+0700 | INFO | По городу Краснодарский край, Джубга получены данные: (39, 0)
2024-04-30T13:00:03.716046+0700 | INFO | Начинаем поиск по городу Краснодарский край, Новодеревянковская
2024-04-30T13:00:03.716209+0700 | INFO | Открываем модальное окно для выбора города
2024-04-30T13:00:15.740115+0700 | INFO | Заполняем поле ввода для города Краснодарский край, Новодеревянковская
2024-04-30T13:00:18.290840+0700 | INFO | Начинаем поиск требуемого города в списке городов
2024-04-30T13:00:18.367966+0700 | INFO | Город найден - выбираем его
2024-04-30T13:00:24.053396+0700 | INFO | Клик по кнопке Показать для перехода к объявлениям
2024-04-30T13:00:31.973385+0700 | INFO | По городу Краснодарский край, Новодеревянковская получены данные: (4, 0)
2024-04-30T13:00:31.974168+0700 | INFO | Начинаем поиск по городу Краснодарский край, Новорождественская
2024-04-30T13:00:31.974255+0700 | INFO | Открываем модальное окно для выбора города
2024-04-30T13:00:41.031653+0700 | INFO | Заполняем поле ввода для города Краснодарский край, Новорождественская
2024-04-30T13:00:43.594902+0700 | INFO | Начинаем поиск требуемого города в списке городов
2024-04-30T13:00:43.662922+0700 | INFO | Город найден - выбираем его
2024-04-30T13:00:47.645521+0700 | INFO | Клик по кнопке Показать для перехода к объявлениям
2024-04-30T13:00:56.244973+0700 | INFO | По городу Краснодарский край, Новорождественская получены данные: (2, 0)
2024-04-30T13:00:56.246022+0700 | INFO | Начинаем поиск по городу Краснодарский край, Новолеушковская
2024-04-30T13:00:56.246097+0700 | INFO | Открываем модальное окно для выбора города
2024-04-30T13:01:06.896946+0700 | INFO | Заполняем поле ввода для города Краснодарский край, Новолеушковская
2024-04-30T13:01:09.459655+0700 | INFO | Начинаем поиск требуемого города в списке городов
2024-04-30T13:01:09.531780+0700 | INFO | Город найден - выбираем его
2024-04-30T13:01:14.534650+0700 | INFO | Клик по кнопке Показать для перехода к объявлениям
2024-04-30T13:01:22.851608+0700 | INFO | По городу Краснодарский край, Новолеушковская получены данные: (22, 0)
2024-04-30T13:01:22.851793+0700 | INFO | Начинаем поиск по городу Краснодарский край, Знаменский
2024-04-30T13:01:22.851850+0700 | INFO | Открываем модальное окно для выбора города
2024-04-30T13:01:33.167593+0700 | INFO | Заполняем поле ввода для города Краснодарский край, Знаменский
2024-04-30T13:01:35.721332+0700 | INFO | Начинаем поиск требуемого города в списке городов
2024-04-30T13:01:35.744553+0700 | WARNING | Город НЕ был найден - он будет исключен из дальнейшего поиска!
2024-04-30T13:01:35.744786+0700 | INFO | По городу Краснодарский край, Знаменский получены данные: ['Город отсутствует в поиске', 'Город отсутствует в поиске']
2024-04-30T13:01:35.744888+0700 | INFO | Начинаем поиск по городу Краснодарский край, Новомалороссийская
2024-04-30T13:01:35.753113+0700 | INFO | Заполняем поле ввода для города Краснодарский край, Новомалороссийская
2024-04-30T13:01:38.276136+0700 | INFO | Начинаем поиск требуемого города в списке городов
2024-04-30T13:01:38.350901+0700 | INFO | Город найден - выбираем его
2024-04-30T13:01:43.442692+0700 | INFO | Клик по кнопке Показать для перехода к объявлениям
2024-04-30T13:01:50.941631+0700 | INFO | По городу Краснодарский край, Новомалороссийская получены данные: (5, 0)
2024-04-30T13:01:50.942674+0700 | INFO | Начинаем поиск по городу Краснодарский край, Калниболотская
2024-04-30T13:01:50.942736+0700 | INFO | Открываем модальное окно для выбора города
2024-04-30T13:02:01.617135+0700 | INFO | Заполняем поле ввода для города Краснодарский край, Калниболотская
2024-04-30T13:02:04.171388+0700 | INFO | Начинаем поиск требуемого города в списке городов
2024-04-30T13:02:04.238026+0700 | INFO | Город найден - выбираем его
2024-04-30T13:02:07.971875+0700 | INFO | Клик по кнопке Показать для перехода к объявлениям
2024-04-30T13:02:15.446511+0700 | INFO | По городу Краснодарский край, Калниболотская получены данные: (4, 0)
2024-04-30T13:02:15.447082+0700 | INFO | Начинаем поиск по городу Краснодарский край, Кирпильская
2024-04-30T13:02:15.447186+0700 | INFO | Открываем модальное окно для выбора города
2024-04-30T13:02:26.917016+0700 | INFO | Заполняем поле ввода для города Краснодарский край, Кирпильская
2024-04-30T13:02:29.480806+0700 | INFO | Начинаем поиск требуемого города в списке городов
2024-04-30T13:02:29.557442+0700 | INFO | Город найден - выбираем его
2024-04-30T13:02:34.606830+0700 | INFO | Клик по кнопке Показать для перехода к объявлениям
2024-04-30T13:02:43.195485+0700 | INFO | По городу Краснодарский край, Кирпильская получены данные: (31, 0)
2024-04-30T13:02:43.195842+0700 | INFO | Начинаем поиск по городу Краснодарский край, Старолеушковская
2024-04-30T13:02:43.196024+0700 | INFO | Открываем модальное окно для выбора города
2024-04-30T13:02:54.684130+0700 | INFO | Заполняем поле ввода для города Краснодарский край, Старолеушковская
2024-04-30T13:02:57.240984+0700 | INFO | Начинаем поиск требуемого города в списке городов
2024-04-30T13:02:57.306871+0700 | INFO | Город найден - выбираем его
2024-04-30T13:03:02.456404+0700 | INFO | Клик по кнопке Показать для перехода к объявлениям
2024-04-30T13:03:10.768896+0700 | INFO | По городу Краснодарский край, Старолеушковская получены данные: (1, 0)
2024-04-30T13:03:10.769918+0700 | INFO | Начинаем поиск по городу Краснодарский край, Южный
2024-04-30T13:03:10.769988+0700 | INFO | Открываем модальное окно для выбора города
2024-04-30T13:03:21.552846+0700 | INFO | Заполняем поле ввода для города Краснодарский край, Южный
2024-04-30T13:03:24.115023+0700 | INFO | Начинаем поиск требуемого города в списке городов
2024-04-30T13:03:24.192724+0700 | INFO | Город найден - выбираем его
2024-04-30T13:03:28.529466+0700 | INFO | Клик по кнопке Показать для перехода к объявлениям
2024-04-30T13:03:35.108881+0700 | INFO | По городу Краснодарский край, Южный получены данные: (90, 0)
2024-04-30T13:03:35.109516+0700 | INFO | Начинаем поиск по городу Краснодарский край, Мингрельская
2024-04-30T13:03:35.109611+0700 | INFO | Открываем модальное окно для выбора города
2024-04-30T13:03:47.058420+0700 | INFO | Заполняем поле ввода для города Краснодарский край, Мингрельская
2024-04-30T13:03:49.626894+0700 | INFO | Начинаем поиск требуемого города в списке городов
2024-04-30T13:03:49.695863+0700 | INFO | Город найден - выбираем его
2024-04-30T13:03:54.814599+0700 | INFO | Клик по кнопке Показать для перехода к объявлениям
2024-04-30T13:04:02.806147+0700 | INFO | По городу Краснодарский край, Мингрельская получены данные: (22, 0)
2024-04-30T13:04:02.807144+0700 | INFO | Начинаем поиск по городу Краснодарский край, Новоджерелиевская
2024-04-30T13:04:02.807220+0700 | INFO | Открываем модальное окно для выбора города
2024-04-30T13:04:11.873535+0700 | INFO | Заполняем поле ввода для города Краснодарский край, Новоджерелиевская
2024-04-30T13:04:14.426477+0700 | INFO | Начинаем поиск требуемого города в списке городов
2024-04-30T13:04:14.492873+0700 | INFO | Город найден - выбираем его
2024-04-30T13:04:20.158537+0700 | INFO | Клик по кнопке Показать для перехода к объявлениям
2024-04-30T13:04:28.076077+0700 | INFO | По городу Краснодарский край, Новоджерелиевская получены данные: (6, 0)
2024-04-30T13:04:28.076249+0700 | INFO | Начинаем поиск по городу Краснодарский край, Новокорсунская
2024-04-30T13:04:28.076306+0700 | INFO | Открываем модальное окно для выбора города
2024-04-30T13:04:39.761430+0700 | INFO | Заполняем поле ввода для города Краснодарский край, Новокорсунская
2024-04-30T13:04:42.311939+0700 | INFO | Начинаем поиск требуемого города в списке городов
2024-04-30T13:04:42.387610+0700 | INFO | Город найден - выбираем его
2024-04-30T13:04:46.133709+0700 | INFO | Клик по кнопке Показать для перехода к объявлениям
2024-04-30T13:04:53.763312+0700 | INFO | По городу Краснодарский край, Новокорсунская получены данные: (5, 0)
2024-04-30T13:04:53.764400+0700 | INFO | Начинаем поиск по городу Краснодарский край, Ольгинская
2024-04-30T13:04:53.764472+0700 | INFO | Открываем модальное окно для выбора города
2024-04-30T13:05:02.412489+0700 | INFO | Заполняем поле ввода для города Краснодарский край, Ольгинская
2024-04-30T13:05:04.963323+0700 | INFO | Начинаем поиск требуемого города в списке городов
2024-04-30T13:05:05.043711+0700 | INFO | Город найден - выбираем его
2024-04-30T13:05:09.611358+0700 | INFO | Клик по кнопке Показать для перехода к объявлениям
2024-04-30T13:05:15.979684+0700 | INFO | По городу Краснодарский край, Ольгинская получены данные: (6, 0)
2024-04-30T13:05:15.980695+0700 | INFO | Начинаем поиск по городу Краснодарский край, Дядьковская
2024-04-30T13:05:15.980784+0700 | INFO | Открываем модальное окно для выбора города
2024-04-30T13:05:24.890717+0700 | INFO | Заполняем поле ввода для города Краснодарский край, Дядьковская
2024-04-30T13:05:27.441833+0700 | INFO | Начинаем поиск требуемого города в списке городов
2024-04-30T13:05:27.511140+0700 | INFO | Город найден - выбираем его
2024-04-30T13:05:31.400295+0700 | INFO | Клик по кнопке Показать для перехода к объявлениям
2024-04-30T13:05:38.159014+0700 | INFO | По городу Краснодарский край, Дядьковская получены данные: (5, 0)
2024-04-30T13:05:38.160192+0700 | INFO | Начинаем поиск по городу Краснодарский край, Азовская
2024-04-30T13:05:38.160281+0700 | INFO | Открываем модальное окно для выбора города
2024-04-30T13:05:50.368094+0700 | INFO | Заполняем поле ввода для города Краснодарский край, Азовская
2024-04-30T13:05:52.924000+0700 | INFO | Начинаем поиск требуемого города в списке городов
2024-04-30T13:05:53.000252+0700 | INFO | Город найден - выбираем его
2024-04-30T13:05:57.566278+0700 | INFO | Клик по кнопке Показать для перехода к объявлениям
2024-04-30T13:06:05.623318+0700 | INFO | По городу Краснодарский край, Азовская получены данные: (1, 0)
2024-04-30T13:06:05.624396+0700 | INFO | Начинаем поиск по городу Краснодарский край, Небуг
2024-04-30T13:06:05.624518+0700 | INFO | Открываем модальное окно для выбора города
2024-04-30T13:06:17.498201+0700 | INFO | Заполняем поле ввода для города Краснодарский край, Небуг
2024-04-30T13:06:20.062645+0700 | INFO | Начинаем поиск требуемого города в списке городов
2024-04-30T13:06:20.139419+0700 | INFO | Город найден - выбираем его
2024-04-30T13:06:25.261853+0700 | INFO | Клик по кнопке Показать для перехода к объявлениям
2024-04-30T13:06:33.289834+0700 | INFO | По городу Краснодарский край, Небуг получены данные: (27, 0)
2024-04-30T13:06:33.290134+0700 | INFO | Начинаем поиск по городу Краснодарский край, Агроном
2024-04-30T13:06:33.290191+0700 | INFO | Открываем модальное окно для выбора города
2024-04-30T13:06:45.403663+0700 | INFO | Заполняем поле ввода для города Краснодарский край, Агроном
2024-04-30T13:06:47.966557+0700 | INFO | Начинаем поиск требуемого города в списке городов
2024-04-30T13:06:48.048357+0700 | INFO | Город найден - выбираем его
2024-04-30T13:06:52.694822+0700 | INFO | Клик по кнопке Показать для перехода к объявлениям
2024-04-30T13:07:01.785681+0700 | INFO | По городу Краснодарский край, Агроном получены данные: (38, 0)
2024-04-30T13:07:01.786730+0700 | INFO | Начинаем поиск по городу Краснодарский край, Новобейсугская
2024-04-30T13:07:01.786794+0700 | INFO | Открываем модальное окно для выбора города
2024-04-30T13:07:13.144173+0700 | INFO | Заполняем поле ввода для города Краснодарский край, Новобейсугская
2024-04-30T13:07:15.700675+0700 | INFO | Начинаем поиск требуемого города в списке городов
2024-04-30T13:07:15.773646+0700 | INFO | Город найден - выбираем его
2024-04-30T13:07:21.067198+0700 | INFO | Клик по кнопке Показать для перехода к объявлениям
2024-04-30T13:07:28.513017+0700 | INFO | По городу Краснодарский край, Новобейсугская получены данные: (1, 0)
2024-04-30T13:07:28.513334+0700 | INFO | Начинаем поиск по городу Краснодарский край, Новоплатнировская
2024-04-30T13:07:28.513429+0700 | INFO | Открываем модальное окно для выбора города
2024-04-30T13:07:39.277257+0700 | INFO | Заполняем поле ввода для города Краснодарский край, Новоплатнировская
2024-04-30T13:07:41.852243+0700 | INFO | Начинаем поиск требуемого города в списке городов
2024-04-30T13:07:41.915857+0700 | INFO | Город найден - выбираем его
2024-04-30T13:07:45.710714+0700 | INFO | Клик по кнопке Показать для перехода к объявлениям
2024-04-30T13:07:52.948559+0700 | INFO | По городу Краснодарский край, Новоплатнировская получены данные: (2, 0)
2024-04-30T13:07:52.949571+0700 | INFO | Начинаем поиск по городу Краснодарский край, Ахтарский
2024-04-30T13:07:52.949656+0700 | INFO | Открываем модальное окно для выбора города
2024-04-30T13:08:04.937346+0700 | INFO | Заполняем поле ввода для города Краснодарский край, Ахтарский
2024-04-30T13:08:07.505115+0700 | INFO | Начинаем поиск требуемого города в списке городов
2024-04-30T13:08:07.582328+0700 | INFO | Город найден - выбираем его
2024-04-30T13:08:11.786721+0700 | INFO | Клик по кнопке Показать для перехода к объявлениям
2024-04-30T13:08:19.238230+0700 | INFO | По городу Краснодарский край, Ахтарский получены данные: (6, 0)
2024-04-30T13:08:19.239324+0700 | INFO | Начинаем поиск по городу Краснодарский край, Новолабинская
2024-04-30T13:08:19.239444+0700 | INFO | Открываем модальное окно для выбора города
2024-04-30T13:08:30.210261+0700 | INFO | Заполняем поле ввода для города Краснодарский край, Новолабинская
2024-04-30T13:08:32.771504+0700 | INFO | Начинаем поиск требуемого города в списке городов
2024-04-30T13:08:32.854054+0700 | INFO | Город найден - выбираем его
2024-04-30T13:08:37.197500+0700 | INFO | Клик по кнопке Показать для перехода к объявлениям
2024-04-30T13:08:45.291662+0700 | INFO | По городу Краснодарский край, Новолабинская получены данные: (15, 0)
2024-04-30T13:08:45.292712+0700 | INFO | Начинаем поиск по городу Краснодарский край, Ирклиевская
2024-04-30T13:08:45.292885+0700 | INFO | Открываем модальное окно для выбора города
2024-04-30T13:08:58.339113+0700 | INFO | Заполняем поле ввода для города Краснодарский край, Ирклиевская
2024-04-30T13:09:00.978987+0700 | INFO | Начинаем поиск требуемого города в списке городов
2024-04-30T13:09:01.009024+0700 | WARNING | Город НЕ был найден - он будет исключен из дальнейшего поиска!
2024-04-30T13:09:01.009222+0700 | INFO | По городу Краснодарский край, Ирклиевская получены данные: ['Город отсутствует в поиске', 'Город отсутствует в поиске']
2024-04-30T13:09:01.009293+0700 | INFO | Открываем таблицу для сохранения данных по результатам поисковых запросов
2024-04-30T13:09:01.042788+0700 | INFO | Таблица сохранена и закрыта с именем: parsing_30_04_2024.xlsx
2024-04-30T13:09:01.267758+0700 | INFO | Первая часть данных получена и сохранена
2024-04-30T13:09:01.267977+0700 | INFO | Второй браузер закрыт
2024-04-30T13:09:01.268041+0700 | INFO | Переходим к аналитике
2024-04-30T13:09:01.268093+0700 | INFO | Открываем таблицу для получения данных на этап аналитики
2024-04-30T13:09:01.283880+0700 | INFO | Данные сохранены - таблица закрыта!
2024-04-30T13:09:01.284012+0700 | INFO | Получено ключевых запросов: 2
2024-04-30T13:09:01.329441+0700 | INFO | Поле заполнено значением: окна пвх
2024-04-30T13:09:04.334669+0700 | INFO | Начинаем поиск по выпадающему списку
2024-04-30T13:09:04.341523+0700 | INFO | Ключевая фраза найдена в списке
2024-04-30T13:09:09.032843+0700 | INFO | Поле заполнено значением: пластиковые окна
2024-04-30T13:09:11.902489+0700 | INFO | Начинаем поиск по выпадающему списку
2024-04-30T13:09:11.911039+0700 | INFO | Ключевая фраза найдена в списке
2024-04-30T13:09:15.579119+0700 | INFO | Начинаем заполнять поле с категорией ремонт и строительство
2024-04-30T13:09:15.612543+0700 | INFO | Поле заполнено значением: ремонт и строительство
2024-04-30T13:09:17.684126+0700 | INFO | Категория найдена
2024-04-30T13:09:23.091358+0700 | INFO | Выполнить переключение кнопки - 30 дней
2024-04-30T13:09:26.941732+0700 | INFO | Начинаем сбор аналитики по городам
2024-04-30T13:09:26.942771+0700 | INFO | Начинаем поиск по городам. Всего городов: 100
2024-04-30T13:09:26.942997+0700 | INFO | Текущий город: Краснодарский край, Краснодар
2024-04-30T13:09:30.373773+0700 | INFO | Город найден - осуществляем переход
2024-04-30T13:09:34.289909+0700 | INFO | По городу Краснодарский край, Краснодар получен список [152, 4753]
2024-04-30T13:09:34.290095+0700 | INFO | Текущий город: Краснодарский край, Сочи
2024-04-30T13:09:36.001507+0700 | INFO | Город найден - осуществляем переход
2024-04-30T13:09:37.829128+0700 | INFO | По городу Краснодарский край, Сочи получен список [29, 1233]
2024-04-30T13:09:37.829343+0700 | INFO | Текущий город: Краснодарский край, Ейск
2024-04-30T13:09:42.809307+0700 | INFO | Город найден - осуществляем переход
2024-04-30T13:09:44.552631+0700 | INFO | По городу Краснодарский край, Ейск получен список [18, 303]
2024-04-30T13:09:44.552984+0700 | INFO | Текущий город: Краснодарский край, Геленджик
2024-04-30T13:09:49.102377+0700 | INFO | Город найден - осуществляем переход
2024-04-30T13:09:53.894993+0700 | INFO | По городу Краснодарский край, Геленджик получен список [13, 295]
2024-04-30T13:09:53.895401+0700 | INFO | Текущий город: Краснодарский край, Кропоткин
2024-04-30T13:09:56.757322+0700 | INFO | Город найден - осуществляем переход
2024-04-30T13:10:01.688275+0700 | INFO | По городу Краснодарский край, Кропоткин получен список [4, 247]
2024-04-30T13:10:01.688935+0700 | INFO | Текущий город: Краснодарский край, Славянск-на-Кубани
2024-04-30T13:10:05.565851+0700 | INFO | Город найден - осуществляем переход
2024-04-30T13:10:07.803664+0700 | INFO | По городу Краснодарский край, Славянск-на-Кубани получен список [11, 258]
2024-04-30T13:10:07.803896+0700 | INFO | Текущий город: Краснодарский край, Туапсе
2024-04-30T13:10:10.336992+0700 | INFO | Город найден - осуществляем переход
2024-04-30T13:10:12.103201+0700 | INFO | По городу Краснодарский край, Туапсе получен список [6, 222]
2024-04-30T13:10:12.103461+0700 | INFO | Текущий город: Краснодарский край, Лабинск
2024-04-30T13:10:14.798059+0700 | INFO | Город найден - осуществляем переход
2024-04-30T13:10:18.894865+0700 | INFO | По городу Краснодарский край, Лабинск получен список [6, 222]
2024-04-30T13:10:18.895140+0700 | INFO | Текущий город: Краснодарский край, Белореченск
2024-04-30T13:10:22.356319+0700 | INFO | Город найден - осуществляем переход
2024-04-30T13:10:23.962760+0700 | INFO | По городу Краснодарский край, Белореченск получен список [6, 265]
2024-04-30T13:10:23.962980+0700 | INFO | Текущий город: Краснодарский край, Тихорецк
2024-04-30T13:10:27.324619+0700 | INFO | Город найден - осуществляем переход
2024-04-30T13:10:32.333538+0700 | INFO | По городу Краснодарский край, Тихорецк получен список [3, 202]
2024-04-30T13:10:32.334554+0700 | INFO | Текущий город: Краснодарский край, Крымск
2024-04-30T13:10:34.153154+0700 | INFO | Город найден - осуществляем переход
2024-04-30T13:10:35.769445+0700 | INFO | По городу Краснодарский край, Крымск получен список [11, 226]
2024-04-30T13:10:35.769763+0700 | INFO | Текущий город: Краснодарский край, Тимашевск
2024-04-30T13:10:40.121003+0700 | INFO | Город найден - осуществляем переход
2024-04-30T13:10:42.142930+0700 | INFO | По городу Краснодарский край, Тимашевск получен список [2, 181]
2024-04-30T13:10:42.143319+0700 | INFO | Текущий город: Краснодарский край, Каневская
2024-04-30T13:10:44.076633+0700 | INFO | Город найден - осуществляем переход
2024-04-30T13:10:47.854663+0700 | INFO | По городу Краснодарский край, Каневская получен список [1, 122]
2024-04-30T13:10:47.855025+0700 | INFO | Текущий город: Краснодарский край, Кореновск
2024-04-30T13:10:51.599440+0700 | INFO | Город найден - осуществляем переход
2024-04-30T13:10:54.468658+0700 | INFO | По городу Краснодарский край, Кореновск получен список [3, 115]
2024-04-30T13:10:54.469430+0700 | INFO | Текущий город: Краснодарский край, Горячий Ключ
2024-04-30T13:10:57.342649+0700 | INFO | Город найден - осуществляем переход
2024-04-30T13:11:01.261955+0700 | INFO | По городу Краснодарский край, Горячий Ключ получен список [3, 131]
2024-04-30T13:11:01.262273+0700 | INFO | Текущий город: Краснодарский край, Усть-Лабинск
2024-04-30T13:11:05.212428+0700 | INFO | Город найден - осуществляем переход
2024-04-30T13:11:07.730616+0700 | INFO | По городу Краснодарский край, Усть-Лабинск получен список [6, 146]
2024-04-30T13:11:07.730841+0700 | INFO | Текущий город: Краснодарский край, Абинск
2024-04-30T13:11:09.844680+0700 | INFO | Город найден - осуществляем переход
2024-04-30T13:11:12.726958+0700 | INFO | По городу Краснодарский край, Абинск получен список [6, 146]
2024-04-30T13:11:12.727610+0700 | INFO | Текущий город: Краснодарский край, Ленинградская
2024-04-30T13:11:16.061267+0700 | INFO | Город найден - осуществляем переход
2024-04-30T13:11:18.340900+0700 | INFO | По городу Краснодарский край, Ленинградская получен список [0, 64]
2024-04-30T13:11:18.341094+0700 | INFO | Текущий город: Краснодарский край, Динская
2024-04-30T13:11:22.774576+0700 | INFO | Город найден - осуществляем переход
2024-04-30T13:11:24.887945+0700 | INFO | По городу Краснодарский край, Динская получен список [2, 92]
2024-04-30T13:11:24.888204+0700 | INFO | Текущий город: Краснодарский край, Гулькевичи
2024-04-30T13:11:29.071955+0700 | INFO | Город найден - осуществляем переход
2024-04-30T13:11:34.105008+0700 | INFO | По городу Краснодарский край, Гулькевичи получен список [1, 97]
2024-04-30T13:11:34.105533+0700 | INFO | Текущий город: Краснодарский край, Павловская
2024-04-30T13:11:38.100782+0700 | INFO | Город найден - осуществляем переход
2024-04-30T13:11:42.683918+0700 | INFO | По городу Краснодарский край, Павловская получен список [1, 77]
2024-04-30T13:11:42.684177+0700 | INFO | Текущий город: Краснодарский край, Приморско-Ахтарск
2024-04-30T13:11:46.073667+0700 | INFO | Город найден - осуществляем переход
2024-04-30T13:11:49.023932+0700 | INFO | По городу Краснодарский край, Приморско-Ахтарск получен список [1, 61]
2024-04-30T13:11:49.024232+0700 | INFO | Текущий город: Краснодарский край, Староминская
2024-04-30T13:11:50.986041+0700 | INFO | Город найден - осуществляем переход
2024-04-30T13:11:55.312035+0700 | INFO | По городу Краснодарский край, Староминская получен список [0, 59]
2024-04-30T13:11:55.312193+0700 | INFO | Текущий город: Краснодарский край, Кущевская
2024-04-30T13:11:59.700745+0700 | INFO | Город найден - осуществляем переход
2024-04-30T13:12:02.469577+0700 | INFO | По городу Краснодарский край, Кущевская получен список [0, 91]
2024-04-30T13:12:02.469783+0700 | INFO | Текущий город: Краснодарский край, Полтавская
2024-04-30T13:12:06.236580+0700 | INFO | Город найден - осуществляем переход
2024-04-30T13:12:10.215998+0700 | INFO | По городу Краснодарский край, Полтавская получен список [2, 51]
2024-04-30T13:12:10.216194+0700 | INFO | Текущий город: Краснодарский край, Мостовской
2024-04-30T13:12:13.233577+0700 | INFO | Город найден - осуществляем переход
2024-04-30T13:12:17.905199+0700 | INFO | По городу Краснодарский край, Мостовской получен список [2, 49]
2024-04-30T13:12:17.905404+0700 | INFO | Текущий город: Краснодарский край, Тбилисская
2024-04-30T13:12:19.698212+0700 | INFO | Город найден - осуществляем переход
2024-04-30T13:12:23.174961+0700 | INFO | По городу Краснодарский край, Тбилисская получен список [0, 51]
2024-04-30T13:12:23.176062+0700 | INFO | Текущий город: Краснодарский край, Ильский
2024-04-30T13:12:26.339735+0700 | INFO | Город найден - осуществляем переход
2024-04-30T13:12:30.856596+0700 | INFO | По городу Краснодарский край, Ильский получен список [0, 40]
2024-04-30T13:12:30.856809+0700 | INFO | Текущий город: Краснодарский край, Северская
2024-04-30T13:12:33.352939+0700 | INFO | Город найден - осуществляем переход
2024-04-30T13:12:36.476611+0700 | INFO | По городу Краснодарский край, Северская получен список [1, 44]
2024-04-30T13:12:36.476875+0700 | INFO | Текущий город: Краснодарский край, Елизаветинская
2024-04-30T13:12:38.566813+0700 | INFO | Город найден - осуществляем переход
2024-04-30T13:12:42.022763+0700 | INFO | По городу Краснодарский край, Елизаветинская получен список [1, 29]
2024-04-30T13:12:42.023113+0700 | INFO | Текущий город: Краснодарский край, Новотитаровская
2024-04-30T13:12:43.811810+0700 | INFO | Город найден - осуществляем переход
2024-04-30T13:12:48.731129+0700 | INFO | По городу Краснодарский край, Новотитаровская получен список [0, 45]
2024-04-30T13:12:48.731889+0700 | INFO | Текущий город: Краснодарский край, Афипский
2024-04-30T13:12:52.338199+0700 | INFO | Город найден - осуществляем переход
2024-04-30T13:12:57.406393+0700 | INFO | По городу Краснодарский край, Афипский получен список [1, 42]
2024-04-30T13:12:57.406998+0700 | INFO | Текущий город: Краснодарский край, Брюховецкая
2024-04-30T13:12:59.630033+0700 | INFO | Город найден - осуществляем переход
2024-04-30T13:13:03.643402+0700 | INFO | По городу Краснодарский край, Брюховецкая получен список [4, 64]
2024-04-30T13:13:03.643672+0700 | INFO | Текущий город: Краснодарский край, Ахтырский
2024-04-30T13:13:06.433633+0700 | INFO | Город найден - осуществляем переход
2024-04-30T13:13:10.514673+0700 | INFO | По городу Краснодарский край, Ахтырский получен список [0, 21]
2024-04-30T13:13:10.514884+0700 | INFO | Текущий город: Краснодарский край, Новопокровская
2024-04-30T13:13:15.057027+0700 | INFO | Город найден - осуществляем переход
2024-04-30T13:13:18.701154+0700 | INFO | По городу Краснодарский край, Новопокровская получен список [0, 20]
2024-04-30T13:13:18.701498+0700 | INFO | Текущий город: Краснодарский край, Выселки
2024-04-30T13:13:20.287012+0700 | INFO | Город найден - осуществляем переход
2024-04-30T13:13:23.757216+0700 | INFO | По городу Краснодарский край, Выселки получен список [0, 44]
2024-04-30T13:13:23.757446+0700 | INFO | Текущий город: Краснодарский край, Старощербиновская
2024-04-30T13:13:27.182730+0700 | INFO | Город найден - осуществляем переход
2024-04-30T13:13:31.056913+0700 | INFO | По городу Краснодарский край, Старощербиновская получен список [1, 38]
2024-04-30T13:13:31.057933+0700 | INFO | Текущий город: Краснодарский край, Холмская
2024-04-30T13:13:34.932984+0700 | INFO | Город найден - осуществляем переход
2024-04-30T13:13:36.687607+0700 | INFO | По городу Краснодарский край, Холмская получен список [0, 25]
2024-04-30T13:13:36.687807+0700 | INFO | Текущий город: Краснодарский край, Белая Глина
2024-04-30T13:13:39.976721+0700 | INFO | Город найден - осуществляем переход
2024-04-30T13:13:44.614132+0700 | INFO | По городу Краснодарский край, Белая Глина получен список [0, 35]
2024-04-30T13:13:44.614327+0700 | INFO | Текущий город: Краснодарский край, Медведовская
2024-04-30T13:13:48.407787+0700 | INFO | Город найден - осуществляем переход
2024-04-30T13:13:50.811716+0700 | INFO | По городу Краснодарский край, Медведовская получен список [0, 23]
2024-04-30T13:13:50.812799+0700 | INFO | Текущий город: Краснодарский край, Ладожская
2024-04-30T13:13:52.501296+0700 | INFO | Город найден - осуществляем переход
2024-04-30T13:13:55.361590+0700 | INFO | По городу Краснодарский край, Ладожская получен список [0, 15]
2024-04-30T13:13:55.361784+0700 | INFO | Текущий город: Краснодарский край, Крыловская
2024-04-30T13:13:57.000386+0700 | INFO | Город найден - осуществляем переход
2024-04-30T13:13:59.112420+0700 | INFO | По городу Краснодарский край, Крыловская получен список [0, 25]
2024-04-30T13:13:59.112579+0700 | INFO | Текущий город: Краснодарский край, Старовеличковская
2024-04-30T13:14:04.050544+0700 | INFO | Город найден - осуществляем переход
2024-04-30T13:14:07.594985+0700 | INFO | По городу Краснодарский край, Старовеличковская получен список [0, 10]
2024-04-30T13:14:07.595269+0700 | INFO | Текущий город: Краснодарский край, Калининская
2024-04-30T13:14:09.925647+0700 | INFO | Город найден - осуществляем переход
2024-04-30T13:14:13.615065+0700 | INFO | По городу Краснодарский край, Калининская получен список [0, 20]
2024-04-30T13:14:13.616204+0700 | INFO | Текущий город: Краснодарский край, Васюринская
2024-04-30T13:14:17.927262+0700 | INFO | Город найден - осуществляем переход
2024-04-30T13:14:22.907949+0700 | INFO | По городу Краснодарский край, Васюринская получен список [2, 18]
2024-04-30T13:14:22.908504+0700 | INFO | Текущий город: Краснодарский край, Стародеревянковская
2024-04-30T13:14:26.636282+0700 | INFO | Город найден - осуществляем переход
2024-04-30T13:14:29.202154+0700 | INFO | По городу Краснодарский край, Стародеревянковская получен список [0, 4]
2024-04-30T13:14:29.202340+0700 | INFO | Текущий город: Краснодарский край, Новоминская
2024-04-30T13:14:31.263632+0700 | INFO | Город найден - осуществляем переход
2024-04-30T13:14:33.642064+0700 | INFO | По городу Краснодарский край, Новоминская получен список [1, 8]
2024-04-30T13:14:33.642291+0700 | INFO | Текущий город: Краснодарский край, Кавказская
2024-04-30T13:14:38.190502+0700 | INFO | Город найден - осуществляем переход
2024-04-30T13:14:41.799779+0700 | INFO | По городу Краснодарский край, Кавказская получен список [0, 7]
2024-04-30T13:14:41.801044+0700 | INFO | Текущий город: Краснодарский край, Псебай
2024-04-30T13:14:43.748428+0700 | INFO | Город найден - осуществляем переход
2024-04-30T13:14:48.402619+0700 | INFO | По городу Краснодарский край, Псебай получен список [0, 12]
2024-04-30T13:14:48.402826+0700 | INFO | Текущий город: Краснодарский край, Марьянская
2024-04-30T13:14:52.761679+0700 | INFO | Город найден - осуществляем переход
2024-04-30T13:14:55.841544+0700 | INFO | По городу Краснодарский край, Марьянская получен список [1, 8]
2024-04-30T13:14:55.841762+0700 | INFO | Текущий город: Краснодарский край, Старомышастовская
2024-04-30T13:15:00.835230+0700 | INFO | Город найден - осуществляем переход
2024-04-30T13:15:04.302575+0700 | INFO | По городу Краснодарский край, Старомышастовская получен список [0, 5]
2024-04-30T13:15:04.303125+0700 | INFO | Текущий город: Краснодарский край, Анастасиевская
2024-04-30T13:15:08.957334+0700 | INFO | Город найден - осуществляем переход
2024-04-30T13:15:12.492427+0700 | INFO | По городу Краснодарский край, Анастасиевская получен список [0, 9]
2024-04-30T13:15:12.492828+0700 | INFO | Текущий город: Краснодарский край, Пластуновская
2024-04-30T13:15:16.836633+0700 | INFO | Город найден - осуществляем переход
2024-04-30T13:15:21.427652+0700 | INFO | По городу Краснодарский край, Пластуновская получен список [0, 7]
2024-04-30T13:15:21.427888+0700 | INFO | Текущий город: Краснодарский край, Старонижестеблиевская
2024-04-30T13:15:23.776538+0700 | INFO | Город найден - осуществляем переход
2024-04-30T13:15:26.451337+0700 | INFO | По городу Краснодарский край, Старонижестеблиевская получен список [0, 5]
2024-04-30T13:15:26.451555+0700 | INFO | Текущий город: Краснодарский край, Новомихайловский
2024-04-30T13:15:31.347011+0700 | INFO | Город найден - осуществляем переход
2024-04-30T13:15:35.715265+0700 | INFO | По городу Краснодарский край, Новомихайловский получен список [0, 14]
2024-04-30T13:15:35.716001+0700 | INFO | Текущий город: Краснодарский край, Новомышастовская
2024-04-30T13:15:40.003312+0700 | INFO | Город найден - осуществляем переход
2024-04-30T13:15:44.791831+0700 | INFO | По городу Краснодарский край, Новомышастовская получен список [1, 5]
2024-04-30T13:15:44.791995+0700 | INFO | Текущий город: Краснодарский край, Трудобеликовский
2024-04-30T13:15:48.594581+0700 | INFO | Город найден - осуществляем переход
2024-04-30T13:15:51.939473+0700 | INFO | По городу Краснодарский край, Трудобеликовский получен список [1, 5]
2024-04-30T13:15:51.939937+0700 | INFO | Текущий город: Краснодарский край, Нововеличковская
2024-04-30T13:15:54.450519+0700 | INFO | Город найден - осуществляем переход
2024-04-30T13:15:57.572468+0700 | INFO | По городу Краснодарский край, Нововеличковская получен список [0, 11]
2024-04-30T13:15:57.572661+0700 | INFO | Текущий город: Краснодарский край, Архангельская
2024-04-30T13:16:00.846990+0700 | INFO | Город найден - осуществляем переход
2024-04-30T13:16:03.214770+0700 | INFO | По городу Краснодарский край, Архангельская получен список [0, 7]
2024-04-30T13:16:03.215334+0700 | INFO | Текущий город: Краснодарский край, Черноморский
2024-04-30T13:16:07.735283+0700 | INFO | Город найден - осуществляем переход
2024-04-30T13:16:11.873391+0700 | INFO | По городу Краснодарский край, Черноморский получен список [0, 2]
2024-04-30T13:16:11.873666+0700 | INFO | Текущий город: Краснодарский край, Фастовецкая
2024-04-30T13:16:16.456127+0700 | INFO | Город найден - осуществляем переход
2024-04-30T13:16:20.375649+0700 | INFO | По городу Краснодарский край, Фастовецкая получен список [0, 1]
2024-04-30T13:16:20.375848+0700 | INFO | Текущий город: Краснодарский край, Воронежская
2024-04-30T13:16:22.573177+0700 | INFO | Город найден - осуществляем переход
2024-04-30T13:16:24.412826+0700 | INFO | По городу Краснодарский край, Воронежская получен список [0, 3]
2024-04-30T13:16:24.412984+0700 | INFO | Текущий город: Краснодарский край, Переясловская
2024-04-30T13:16:26.008359+0700 | INFO | Город найден - осуществляем переход
2024-04-30T13:16:29.141342+0700 | INFO | По городу Краснодарский край, Переясловская получен список [0, 3]
2024-04-30T13:16:29.141615+0700 | INFO | Текущий город: Краснодарский край, Роговская
2024-04-30T13:16:32.979978+0700 | INFO | Город найден - осуществляем переход
2024-04-30T13:16:37.201748+0700 | INFO | По городу Краснодарский край, Роговская получен список [0, 6]
2024-04-30T13:16:37.202397+0700 | INFO | Текущий город: Краснодарский край, Архипо-Осиповка
2024-04-30T13:16:38.893322+0700 | INFO | Город найден - осуществляем переход
2024-04-30T13:16:41.215135+0700 | INFO | По городу Краснодарский край, Архипо-Осиповка получен список [0, 27]
2024-04-30T13:16:41.215352+0700 | INFO | Текущий город: Краснодарский край, Смоленская
2024-04-30T13:16:45.896787+0700 | INFO | Город найден - осуществляем переход
2024-04-30T13:16:49.973771+0700 | INFO | По городу Краснодарский край, Смоленская получен список [0, 2]
2024-04-30T13:16:49.974062+0700 | INFO | Текущий город: Краснодарский край, Кабардинка
2024-04-30T13:16:53.178171+0700 | INFO | Город найден - осуществляем переход
2024-04-30T13:16:57.317941+0700 | INFO | По городу Краснодарский край, Кабардинка получен список [2, 27]
2024-04-30T13:16:57.318687+0700 | INFO | Текущий город: Краснодарский край, Темиргоевская
2024-04-30T13:17:01.255626+0700 | INFO | Город найден - осуществляем переход
2024-04-30T13:17:05.795607+0700 | INFO | По городу Краснодарский край, Темиргоевская получен список [2, 8]
2024-04-30T13:17:05.795977+0700 | INFO | Текущий город: Краснодарский край, Ленина
2024-04-30T13:17:09.702460+0700 | INFO | Город найден - осуществляем переход
2024-04-30T13:17:13.019819+0700 | INFO | По городу Краснодарский край, Ленина получен список []
2024-04-30T13:17:13.020041+0700 | INFO | Текущий город: Краснодарский край, Джубга
2024-04-30T13:17:15.950820+0700 | INFO | Город найден - осуществляем переход
2024-04-30T13:17:20.341084+0700 | INFO | По городу Краснодарский край, Джубга получен список [0, 27]
2024-04-30T13:17:20.341310+0700 | INFO | Текущий город: Краснодарский край, Новодеревянковская
2024-04-30T13:17:25.265396+0700 | INFO | Город найден - осуществляем переход
2024-04-30T13:17:29.351877+0700 | INFO | По городу Краснодарский край, Новодеревянковская получен список [0, 3]
2024-04-30T13:17:29.352570+0700 | INFO | Текущий город: Краснодарский край, Новорождественская
2024-04-30T13:17:33.967980+0700 | INFO | Город найден - осуществляем переход
2024-04-30T13:17:36.786575+0700 | INFO | По городу Краснодарский край, Новорождественская получен список [0, 3]
2024-04-30T13:17:36.786788+0700 | INFO | Текущий город: Краснодарский край, Новолеушковская
2024-04-30T13:17:41.628395+0700 | INFO | Город найден - осуществляем переход
2024-04-30T13:17:45.086413+0700 | INFO | По городу Краснодарский край, Новолеушковская получен список [0, 4]
2024-04-30T13:17:45.086643+0700 | INFO | Текущий город: Краснодарский край, Новомалороссийская
2024-04-30T13:17:47.516286+0700 | INFO | Город найден - осуществляем переход
2024-04-30T13:17:52.124917+0700 | INFO | По городу Краснодарский край, Новомалороссийская получен список [0, 3]
2024-04-30T13:17:52.125152+0700 | INFO | Текущий город: Краснодарский край, Калниболотская
2024-04-30T13:17:54.770504+0700 | INFO | Город найден - осуществляем переход
2024-04-30T13:17:59.385217+0700 | INFO | По городу Краснодарский край, Калниболотская получен список [0, 1]
2024-04-30T13:17:59.385851+0700 | INFO | Текущий город: Краснодарский край, Кирпильская
2024-04-30T13:18:02.982668+0700 | INFO | Город найден - осуществляем переход
2024-04-30T13:18:06.007746+0700 | INFO | По городу Краснодарский край, Кирпильская получен список [0, 7]
2024-04-30T13:18:06.007915+0700 | INFO | Текущий город: Краснодарский край, Старолеушковская
2024-04-30T13:18:09.761285+0700 | INFO | Город найден - осуществляем переход
2024-04-30T13:18:13.341131+0700 | INFO | По городу Краснодарский край, Старолеушковская получен список [0, 2]
2024-04-30T13:18:13.341327+0700 | INFO | Текущий город: Краснодарский край, Южный
2024-04-30T13:18:16.232305+0700 | INFO | Город найден - осуществляем переход
2024-04-30T13:18:21.127406+0700 | INFO | По городу Краснодарский край, Южный получен список [0, 5]
2024-04-30T13:18:21.128509+0700 | INFO | Текущий город: Краснодарский край, Мингрельская
2024-04-30T13:18:23.413864+0700 | INFO | Город найден - осуществляем переход
2024-04-30T13:18:26.833952+0700 | INFO | По городу Краснодарский край, Мингрельская получен список [0, 5]
2024-04-30T13:18:26.834087+0700 | INFO | Текущий город: Краснодарский край, Новоджерелиевская
2024-04-30T13:18:30.016473+0700 | INFO | Город найден - осуществляем переход
2024-04-30T13:18:32.071299+0700 | INFO | По городу Краснодарский край, Новоджерелиевская получен список [0, 2]
2024-04-30T13:18:32.071513+0700 | INFO | Текущий город: Краснодарский край, Новокорсунская
2024-04-30T13:18:35.703242+0700 | INFO | Город найден - осуществляем переход
2024-04-30T13:18:38.418508+0700 | INFO | По городу Краснодарский край, Новокорсунская получен список [0, 3]
2024-04-30T13:18:38.419075+0700 | INFO | Текущий город: Краснодарский край, Ольгинская
2024-04-30T13:18:43.445746+0700 | INFO | Город найден - осуществляем переход
2024-04-30T13:18:45.191255+0700 | INFO | По городу Краснодарский край, Ольгинская получен список [0, 1]
2024-04-30T13:18:45.191460+0700 | INFO | Текущий город: Краснодарский край, Дядьковская
2024-04-30T13:18:48.726581+0700 | INFO | Город найден - осуществляем переход
2024-04-30T13:18:52.044622+0700 | INFO | По городу Краснодарский край, Дядьковская получен список []
2024-04-30T13:18:52.044866+0700 | INFO | Текущий город: Краснодарский край, Азовская
2024-04-30T13:18:54.460068+0700 | INFO | Город найден - осуществляем переход
2024-04-30T13:18:58.466536+0700 | INFO | По городу Краснодарский край, Азовская получен список [0, 2]
2024-04-30T13:18:58.466683+0700 | INFO | Текущий город: Краснодарский край, Небуг
2024-04-30T13:19:03.342632+0700 | INFO | Город найден - осуществляем переход
2024-04-30T13:19:07.521787+0700 | INFO | По городу Краснодарский край, Небуг получен список [0, 11]
2024-04-30T13:19:07.522481+0700 | INFO | Текущий город: Краснодарский край, Агроном
2024-04-30T13:19:10.690537+0700 | INFO | Город найден - осуществляем переход
2024-04-30T13:19:13.216211+0700 | INFO | По городу Краснодарский край, Агроном получен список [0, 4]
2024-04-30T13:19:13.216498+0700 | INFO | Текущий город: Краснодарский край, Новобейсугская
2024-04-30T13:19:16.492721+0700 | INFO | Город найден - осуществляем переход
2024-04-30T13:19:18.729926+0700 | INFO | По городу Краснодарский край, Новобейсугская получен список []
2024-04-30T13:19:18.730103+0700 | INFO | Текущий город: Краснодарский край, Новоплатнировская
2024-04-30T13:19:23.391691+0700 | INFO | Город найден - осуществляем переход
2024-04-30T13:19:26.554335+0700 | INFO | По городу Краснодарский край, Новоплатнировская получен список []
2024-04-30T13:19:26.554564+0700 | INFO | Текущий город: Краснодарский край, Ахтарский
2024-04-30T13:19:29.620680+0700 | INFO | Город найден - осуществляем переход
2024-04-30T13:19:32.786065+0700 | INFO | По городу Краснодарский край, Ахтарский получен список []
2024-04-30T13:19:32.786261+0700 | INFO | Текущий город: Краснодарский край, Новолабинская
2024-04-30T13:19:35.099753+0700 | INFO | Город найден - осуществляем переход
2024-04-30T13:19:39.479208+0700 | INFO | По городу Краснодарский край, Новолабинская получен список [0, 2]
2024-04-30T13:19:39.479777+0700 | INFO | Открываем таблицу для сохранения данных по результатам аналитики
2024-04-30T13:19:39.504125+0700 | INFO | Таблица сохранена и закрыта с именем: parsing_30_04_2024.xlsx
2024-04-30T13:19:39.658811+0700 | INFO | Страница закрыта. Браузер закрыт. Парсер закончил свою работу!
